%PDF-1.3
%·¾­ª
1 0 obj
<<
/Type /Catalog
/Pages 2 0 R
>>
endobj
2 0 obj
<<
/Type /Pages
/Kids [ 4 0 R ]
/Count 1
>>
endobj
3 0 obj
<<
/Producer (Haru Free PDF Library 2.2.1)
/Title (RLIB Report)
>>
endobj
4 0 obj
<<
/Type /Page
/MediaBox [ 0 0 612 792 ]
/Contents 5 0 R
/Resources <<
/ProcSet [ /PDF /Text /ImageB /ImageC /ImageI ]
/Font <<
/F1 7 0 R
/F2 8 0 R
/F3 9 0 R
/F4 10 0 R
>>
>>
/Parent 2 0 R
/Rotate 270
/Annots [ 11 0 R 12 0 R 13 0 R 14 0 R 15 0 R 16 0 R 17 0 R 18 0 R 19 0 R 20 0 R 21 0 R 22 0 R 23 0 R 24 0 R 25 0 R 26 0 R 27 0 R 28 0 R 29 0 R 30 0 R 31 0 R 32 0 R 33 0 R 34 0 R 35 0 R 36 0 R 37 0 R 38 0 R 39 0 R 40 0 R 41 0 R 42 0 R 43 0 R 44 0 R 45 0 R 46 0 R 47 0 R 48 0 R 49 0 R 50 0 R 51 0 R 52 0 R 53 0 R 54 0 R 55 0 R 56 0 R 57 0 R 58 0 R 59 0 R 60 0 R 61 0 R 62 0 R 63 0 R 64 0 R 65 0 R 66 0 R 67 0 R 68 0 R 69 0 R 70 0 R 71 0 R 72 0 R 73 0 R 74 0 R 75 0 R 76 0 R 77 0 R 78 0 R 79 0 R 80 0 R 81 0 R 82 0 R 83 0 R 84 0 R 85 0 R 86 0 R 87 0 R 88 0 R 89 0 R 90 0 R 91 0 R 92 0 R 93 0 R 94 0 R 95 0 R 96 0 R 97 0 R 98 0 R 99 0 R 100 0 R 101 0 R 102 0 R 103 0 R 104 0 R 105 0 R 106 0 R 107 0 R 108 0 R 109 0 R 110 0 R 111 0 R 112 0 R 113 0 R 114 0 R 115 0 R 116 0 R 117 0 R 118 0 R ]
>>
endobj
5 0 obj
<<
/Length 6 0 R
>>
stream
1 0 0 1 0 792 cm
0 -1 1 0 0 0 cm
/F1 9 Tf
/F1 9 Tf
/F1 9 Tf
/F1 9 Tf
/F1 9 Tf
BT
1 0 0 1 14.4 16.56 Tm
(Page:   1) Tj
ET
/F1 9 Tf
/F1 9 Tf
/F1 9 Tf
/F1 9 Tf
/F1 9 Tf
/F1 11 Tf
BT
1 0 0 1 14.4 589.23999 Tm
(Test Report \050Normal\051 AND THE REPORT FORMAT IS: PDF       3    ) Tj
ET
/F1 9 Tf
/F1 11 Tf
/F2 11 Tf
BT
1 0 0 1 14.4 578.23999 Tm
(Test Report \050Bold\051) Tj
ET
/F1 11 Tf
/F1 9 Tf
/F1 11 Tf
/F3 11 Tf
BT
1 0 0 1 14.4 567.23999 Tm
(Test Report \050Italics\051) Tj
ET
/F1 11 Tf
/F1 9 Tf
/F1 11 Tf
/F2 11 Tf
/F4 11 Tf
BT
1 0 0 1 14.4 556.23999 Tm
(Test Report \050Bold and Italics\051) Tj
ET
/F3 11 Tf
/F1 11 Tf
/F1 9 Tf
/F1 11 Tf
/F2 11 Tf
/F4 11 Tf
BT
1 0 0 1 14.4 545.23999 Tm
(BOO: ) Tj
ET
/F3 11 Tf
/F1 11 Tf
/F1 9 Tf
/F1 11 Tf
BT
1 0 0 1 47.4 545.23999 Tm
(mike is a ) Tj
ET
/F1 9 Tf
/F1 9 Tf
/F1 9 Tf
/F1 9 Tf
/F1 9 Tf
/F1 9 Tf
/F1 9 Tf
/F1 9 Tf
/F1 9 Tf
/F1 9 Tf
/F1 9 Tf
0 0 0 rg
0 0 0 RG
14.4 537.59998 763.20001 0.856 re
f
0.89804 0.89804 0.89804 rg
0.89804 0.89804 0.89804 RG
14.4 528.59998 334.79999 8.856 re
f
0 0 0 rg
0 0 0 RG
BT
1 0 0 1 14.4 530.76001 Tm
(First Name          ) Tj
ET
BT
1 0 0 1 122.4 530.76001 Tm
( Last Name           ) Tj
ET
BT
1 0 0 1 235.8 530.76001 Tm
( ) Tj
ET
BT
1 0 0 1 241.2 530.76001 Tm
(Color               ) Tj
ET
14.4 527.59998 763.20001 0.856 re
f
/F1 9 Tf
/F1 9 Tf
/F1 9 Tf
/F1 9 Tf
/F1 9 Tf
1 1 0 rg
1 1 0 RG
14.4 514.59998 108 8.856 re
f
0 0 0 rg
0 0 0 RG
BT
1 0 0 1 14.4 516.76001 Tm
(Bob                 ) Tj
ET
BT
1 0 0 1 122.4 516.76001 Tm
( ) Tj
ET
1 1 0 rg
1 1 0 RG
127.8 514.59998 108 8.856 re
f
0 0 0 rg
0 0 0 RG
BT
1 0 0 1 127.8 516.76001 Tm
(Doan                ) Tj
ET
BT
1 0 0 1 235.8 516.76001 Tm
( ) Tj
ET
BT
1 0 0 1 241.2 516.76001 Tm
(blue                 WRD   WRD   MATCH    MATCH    MATCH   ) Tj
ET
BT
1 0 0 1 559.79999 516.76001 Tm
( ) Tj
ET
BT
1 0 0 1 565.20001 516.76001 Tm
(MATCH   ) Tj
ET
/F1 9 Tf
/F1 9 Tf
/F1 9 Tf
/F1 9 Tf
/F1 9 Tf
1 1 0 rg
1 1 0 RG
14.4 505.60001 108 8.856 re
f
0 0 0 rg
0 0 0 RG
BT
1 0 0 1 14.4 507.76001 Tm
(Bob                 ) Tj
ET
0.89804 0.89804 0.89804 rg
0.89804 0.89804 0.89804 RG
122.4 505.60001 5.4 8.856 re
f
0 0 0 rg
0 0 0 RG
BT
1 0 0 1 122.4 507.76001 Tm
( ) Tj
ET
1 1 0 rg
1 1 0 RG
127.8 505.60001 108 8.856 re
f
0 0 0 rg
0 0 0 RG
BT
1 0 0 1 127.8 507.76001 Tm
(Doan                ) Tj
ET
0.89804 0.89804 0.89804 rg
0.89804 0.89804 0.89804 RG
235.8 505.60001 372.60001 8.856 re
f
0 0 0 rg
0 0 0 RG
BT
1 0 0 1 235.8 507.76001 Tm
( ) Tj
ET
BT
1 0 0 1 241.2 507.76001 Tm
(blue                 TD    WRD   NO_MATCH NO_MATCH NO_MATCH) Tj
ET
BT
1 0 0 1 559.79999 507.76001 Tm
( ) Tj
ET
BT
1 0 0 1 565.20001 507.76001 Tm
(NO_MATCH) Tj
ET
/F1 9 Tf
/F1 9 Tf
/F1 9 Tf
/F1 9 Tf
/F1 9 Tf
1 1 0 rg
1 1 0 RG
14.4 496.60001 108 8.856 re
f
0 0 0 rg
0 0 0 RG
BT
1 0 0 1 14.4 498.76001 Tm
(Bob                 ) Tj
ET
BT
1 0 0 1 122.4 498.76001 Tm
( ) Tj
ET
1 1 0 rg
1 1 0 RG
127.8 496.60001 108 8.856 re
f
0 0 0 rg
0 0 0 RG
BT
1 0 0 1 127.8 498.76001 Tm
(Doan                ) Tj
ET
BT
1 0 0 1 235.8 498.76001 Tm
( ) Tj
ET
BT
1 0 0 1 241.2 498.76001 Tm
(blue                 ERB   WRD   NO_MATCH NO_MATCH NO_MATCH) Tj
ET
BT
1 0 0 1 559.79999 498.76001 Tm
( ) Tj
ET
BT
1 0 0 1 565.20001 498.76001 Tm
(NO_MATCH) Tj
ET
/F1 9 Tf
/F1 9 Tf
/F1 9 Tf
/F1 9 Tf
/F1 9 Tf
1 1 0 rg
1 1 0 RG
14.4 487.60001 108 8.856 re
f
0 0 0 rg
0 0 0 RG
BT
1 0 0 1 14.4 489.76001 Tm
(Bob                 ) Tj
ET
0.89804 0.89804 0.89804 rg
0.89804 0.89804 0.89804 RG
122.4 487.60001 5.4 8.856 re
f
0 0 0 rg
0 0 0 RG
BT
1 0 0 1 122.4 489.76001 Tm
( ) Tj
ET
1 1 0 rg
1 1 0 RG
127.8 487.60001 108 8.856 re
f
0 0 0 rg
0 0 0 RG
BT
1 0 0 1 127.8 489.76001 Tm
(Doan                ) Tj
ET
0.89804 0.89804 0.89804 rg
0.89804 0.89804 0.89804 RG
235.8 487.60001 372.60001 8.856 re
f
0 0 0 rg
0 0 0 RG
BT
1 0 0 1 235.8 489.76001 Tm
( ) Tj
ET
BT
1 0 0 1 241.2 489.76001 Tm
(blue                 WRD   TD    MATCH    MATCH    MATCH   ) Tj
ET
BT
1 0 0 1 559.79999 489.76001 Tm
( ) Tj
ET
BT
1 0 0 1 565.20001 489.76001 Tm
(MATCH   ) Tj
ET
/F1 9 Tf
/F1 9 Tf
/F1 9 Tf
/F1 9 Tf
/F1 9 Tf
1 1 0 rg
1 1 0 RG
14.4 478.60001 108 8.856 re
f
0 0 0 rg
0 0 0 RG
BT
1 0 0 1 14.4 480.76001 Tm
(Bob                 ) Tj
ET
BT
1 0 0 1 122.4 480.76001 Tm
( ) Tj
ET
1 1 0 rg
1 1 0 RG
127.8 478.60001 108 8.856 re
f
0 0 0 rg
0 0 0 RG
BT
1 0 0 1 127.8 480.76001 Tm
(Doan                ) Tj
ET
BT
1 0 0 1 235.8 480.76001 Tm
( ) Tj
ET
BT
1 0 0 1 241.2 480.76001 Tm
(blue                 TD    TD    NO_MATCH NO_MATCH NO_MATCH) Tj
ET
BT
1 0 0 1 559.79999 480.76001 Tm
( ) Tj
ET
BT
1 0 0 1 565.20001 480.76001 Tm
(NO_MATCH) Tj
ET
/F1 9 Tf
/F1 9 Tf
/F1 9 Tf
/F1 9 Tf
/F1 9 Tf
1 1 0 rg
1 1 0 RG
14.4 469.60001 108 8.856 re
f
0 0 0 rg
0 0 0 RG
BT
1 0 0 1 14.4 471.76001 Tm
(Bob                 ) Tj
ET
0.89804 0.89804 0.89804 rg
0.89804 0.89804 0.89804 RG
122.4 469.60001 5.4 8.856 re
f
0 0 0 rg
0 0 0 RG
BT
1 0 0 1 122.4 471.76001 Tm
( ) Tj
ET
1 1 0 rg
1 1 0 RG
127.8 469.60001 108 8.856 re
f
0 0 0 rg
0 0 0 RG
BT
1 0 0 1 127.8 471.76001 Tm
(Doan                ) Tj
ET
0.89804 0.89804 0.89804 rg
0.89804 0.89804 0.89804 RG
235.8 469.60001 372.60001 8.856 re
f
0 0 0 rg
0 0 0 RG
BT
1 0 0 1 235.8 471.76001 Tm
( ) Tj
ET
BT
1 0 0 1 241.2 471.76001 Tm
(blue                 ERB   TD    NO_MATCH NO_MATCH NO_MATCH) Tj
ET
BT
1 0 0 1 559.79999 471.76001 Tm
( ) Tj
ET
BT
1 0 0 1 565.20001 471.76001 Tm
(NO_MATCH) Tj
ET
/F1 9 Tf
/F1 9 Tf
/F1 9 Tf
/F1 9 Tf
/F1 9 Tf
1 1 0 rg
1 1 0 RG
14.4 460.60001 108 8.856 re
f
0 0 0 rg
0 0 0 RG
BT
1 0 0 1 14.4 462.76001 Tm
(Bob                 ) Tj
ET
BT
1 0 0 1 122.4 462.76001 Tm
( ) Tj
ET
1 1 0 rg
1 1 0 RG
127.8 460.60001 108 8.856 re
f
0 0 0 rg
0 0 0 RG
BT
1 0 0 1 127.8 462.76001 Tm
(Doan                ) Tj
ET
BT
1 0 0 1 235.8 462.76001 Tm
( ) Tj
ET
BT
1 0 0 1 241.2 462.76001 Tm
(blue                 WRD   ERB   MATCH    MATCH    MATCH   ) Tj
ET
BT
1 0 0 1 559.79999 462.76001 Tm
( ) Tj
ET
BT
1 0 0 1 565.20001 462.76001 Tm
(MATCH   ) Tj
ET
/F1 9 Tf
/F1 9 Tf
/F1 9 Tf
/F1 9 Tf
/F1 9 Tf
1 1 0 rg
1 1 0 RG
14.4 451.60001 108 8.856 re
f
0 0 0 rg
0 0 0 RG
BT
1 0 0 1 14.4 453.76001 Tm
(Bob                 ) Tj
ET
0.89804 0.89804 0.89804 rg
0.89804 0.89804 0.89804 RG
122.4 451.60001 5.4 8.856 re
f
0 0 0 rg
0 0 0 RG
BT
1 0 0 1 122.4 453.76001 Tm
( ) Tj
ET
1 1 0 rg
1 1 0 RG
127.8 451.60001 108 8.856 re
f
0 0 0 rg
0 0 0 RG
BT
1 0 0 1 127.8 453.76001 Tm
(Doan                ) Tj
ET
0.89804 0.89804 0.89804 rg
0.89804 0.89804 0.89804 RG
235.8 451.60001 372.60001 8.856 re
f
0 0 0 rg
0 0 0 RG
BT
1 0 0 1 235.8 453.76001 Tm
( ) Tj
ET
BT
1 0 0 1 241.2 453.76001 Tm
(blue                 TD    ERB   NO_MATCH NO_MATCH NO_MATCH) Tj
ET
BT
1 0 0 1 559.79999 453.76001 Tm
( ) Tj
ET
BT
1 0 0 1 565.20001 453.76001 Tm
(NO_MATCH) Tj
ET
/F1 9 Tf
/F1 9 Tf
/F1 9 Tf
/F1 9 Tf
/F1 9 Tf
1 1 0 rg
1 1 0 RG
14.4 442.60001 108 8.856 re
f
0 0 0 rg
0 0 0 RG
BT
1 0 0 1 14.4 444.76001 Tm
(Bob                 ) Tj
ET
BT
1 0 0 1 122.4 444.76001 Tm
( ) Tj
ET
1 1 0 rg
1 1 0 RG
127.8 442.60001 108 8.856 re
f
0 0 0 rg
0 0 0 RG
BT
1 0 0 1 127.8 444.76001 Tm
(Doan                ) Tj
ET
BT
1 0 0 1 235.8 444.76001 Tm
( ) Tj
ET
BT
1 0 0 1 241.2 444.76001 Tm
(blue                 ERB   ERB   NO_MATCH NO_MATCH NO_MATCH) Tj
ET
BT
1 0 0 1 559.79999 444.76001 Tm
( ) Tj
ET
BT
1 0 0 1 565.20001 444.76001 Tm
(NO_MATCH) Tj
ET
/F1 9 Tf
/F1 9 Tf
/F1 9 Tf
/F1 9 Tf
/F1 9 Tf
1 1 0 rg
1 1 0 RG
14.4 433.60001 108 8.856 re
f
0 0 0 rg
0 0 0 RG
BT
1 0 0 1 14.4 435.76001 Tm
(Terry               ) Tj
ET
0.89804 0.89804 0.89804 rg
0.89804 0.89804 0.89804 RG
122.4 433.60001 5.4 8.856 re
f
0 0 0 rg
0 0 0 RG
BT
1 0 0 1 122.4 435.76001 Tm
( ) Tj
ET
1 1 0 rg
1 1 0 RG
127.8 433.60001 108 8.856 re
f
0 0 0 rg
0 0 0 RG
BT
1 0 0 1 127.8 435.76001 Tm
(Doan                ) Tj
ET
0.89804 0.89804 0.89804 rg
0.89804 0.89804 0.89804 RG
235.8 433.60001 372.60001 8.856 re
f
0 0 0 rg
0 0 0 RG
BT
1 0 0 1 235.8 435.76001 Tm
( ) Tj
ET
BT
1 0 0 1 241.2 435.76001 Tm
(blue                 WRD   WRD   NO_MATCH NO_MATCH NO_MATCH) Tj
ET
BT
1 0 0 1 559.79999 435.76001 Tm
( ) Tj
ET
BT
1 0 0 1 565.20001 435.76001 Tm
(NO_MATCH) Tj
ET
/F1 9 Tf
/F1 9 Tf
/F1 9 Tf
/F1 9 Tf
/F1 9 Tf
1 1 0 rg
1 1 0 RG
14.4 424.60001 108 8.856 re
f
0 0 0 rg
0 0 0 RG
BT
1 0 0 1 14.4 426.76001 Tm
(Terry               ) Tj
ET
BT
1 0 0 1 122.4 426.76001 Tm
( ) Tj
ET
1 1 0 rg
1 1 0 RG
127.8 424.60001 108 8.856 re
f
0 0 0 rg
0 0 0 RG
BT
1 0 0 1 127.8 426.76001 Tm
(Doan                ) Tj
ET
BT
1 0 0 1 235.8 426.76001 Tm
( ) Tj
ET
BT
1 0 0 1 241.2 426.76001 Tm
(blue                 TD    WRD   MATCH    MATCH    MATCH   ) Tj
ET
BT
1 0 0 1 559.79999 426.76001 Tm
( ) Tj
ET
BT
1 0 0 1 565.20001 426.76001 Tm
(MATCH   ) Tj
ET
/F1 9 Tf
/F1 9 Tf
/F1 9 Tf
/F1 9 Tf
/F1 9 Tf
1 1 0 rg
1 1 0 RG
14.4 415.60001 108 8.856 re
f
0 0 0 rg
0 0 0 RG
BT
1 0 0 1 14.4 417.76001 Tm
(Terry               ) Tj
ET
0.89804 0.89804 0.89804 rg
0.89804 0.89804 0.89804 RG
122.4 415.60001 5.4 8.856 re
f
0 0 0 rg
0 0 0 RG
BT
1 0 0 1 122.4 417.76001 Tm
( ) Tj
ET
1 1 0 rg
1 1 0 RG
127.8 415.60001 108 8.856 re
f
0 0 0 rg
0 0 0 RG
BT
1 0 0 1 127.8 417.76001 Tm
(Doan                ) Tj
ET
0.89804 0.89804 0.89804 rg
0.89804 0.89804 0.89804 RG
235.8 415.60001 372.60001 8.856 re
f
0 0 0 rg
0 0 0 RG
BT
1 0 0 1 235.8 417.76001 Tm
( ) Tj
ET
BT
1 0 0 1 241.2 417.76001 Tm
(blue                 ERB   WRD   NO_MATCH NO_MATCH NO_MATCH) Tj
ET
BT
1 0 0 1 559.79999 417.76001 Tm
( ) Tj
ET
BT
1 0 0 1 565.20001 417.76001 Tm
(NO_MATCH) Tj
ET
/F1 9 Tf
/F1 9 Tf
/F1 9 Tf
/F1 9 Tf
/F1 9 Tf
1 1 0 rg
1 1 0 RG
14.4 406.60001 108 8.856 re
f
0 0 0 rg
0 0 0 RG
BT
1 0 0 1 14.4 408.76001 Tm
(Terry               ) Tj
ET
BT
1 0 0 1 122.4 408.76001 Tm
( ) Tj
ET
1 1 0 rg
1 1 0 RG
127.8 406.60001 108 8.856 re
f
0 0 0 rg
0 0 0 RG
BT
1 0 0 1 127.8 408.76001 Tm
(Doan                ) Tj
ET
BT
1 0 0 1 235.8 408.76001 Tm
( ) Tj
ET
BT
1 0 0 1 241.2 408.76001 Tm
(blue                 WRD   TD    NO_MATCH NO_MATCH NO_MATCH) Tj
ET
BT
1 0 0 1 559.79999 408.76001 Tm
( ) Tj
ET
BT
1 0 0 1 565.20001 408.76001 Tm
(NO_MATCH) Tj
ET
/F1 9 Tf
/F1 9 Tf
/F1 9 Tf
/F1 9 Tf
/F1 9 Tf
1 1 0 rg
1 1 0 RG
14.4 397.60001 108 8.856 re
f
0 0 0 rg
0 0 0 RG
BT
1 0 0 1 14.4 399.76001 Tm
(Terry               ) Tj
ET
0.89804 0.89804 0.89804 rg
0.89804 0.89804 0.89804 RG
122.4 397.60001 5.4 8.856 re
f
0 0 0 rg
0 0 0 RG
BT
1 0 0 1 122.4 399.76001 Tm
( ) Tj
ET
1 1 0 rg
1 1 0 RG
127.8 397.60001 108 8.856 re
f
0 0 0 rg
0 0 0 RG
BT
1 0 0 1 127.8 399.76001 Tm
(Doan                ) Tj
ET
0.89804 0.89804 0.89804 rg
0.89804 0.89804 0.89804 RG
235.8 397.60001 372.60001 8.856 re
f
0 0 0 rg
0 0 0 RG
BT
1 0 0 1 235.8 399.76001 Tm
( ) Tj
ET
BT
1 0 0 1 241.2 399.76001 Tm
(blue                 TD    TD    MATCH    MATCH    MATCH   ) Tj
ET
BT
1 0 0 1 559.79999 399.76001 Tm
( ) Tj
ET
BT
1 0 0 1 565.20001 399.76001 Tm
(MATCH   ) Tj
ET
/F1 9 Tf
/F1 9 Tf
/F1 9 Tf
/F1 9 Tf
/F1 9 Tf
1 1 0 rg
1 1 0 RG
14.4 388.60001 108 8.856 re
f
0 0 0 rg
0 0 0 RG
BT
1 0 0 1 14.4 390.76001 Tm
(Terry               ) Tj
ET
BT
1 0 0 1 122.4 390.76001 Tm
( ) Tj
ET
1 1 0 rg
1 1 0 RG
127.8 388.60001 108 8.856 re
f
0 0 0 rg
0 0 0 RG
BT
1 0 0 1 127.8 390.76001 Tm
(Doan                ) Tj
ET
BT
1 0 0 1 235.8 390.76001 Tm
( ) Tj
ET
BT
1 0 0 1 241.2 390.76001 Tm
(blue                 ERB   TD    NO_MATCH NO_MATCH NO_MATCH) Tj
ET
BT
1 0 0 1 559.79999 390.76001 Tm
( ) Tj
ET
BT
1 0 0 1 565.20001 390.76001 Tm
(NO_MATCH) Tj
ET
/F1 9 Tf
/F1 9 Tf
/F1 9 Tf
/F1 9 Tf
/F1 9 Tf
1 1 0 rg
1 1 0 RG
14.4 379.60001 108 8.856 re
f
0 0 0 rg
0 0 0 RG
BT
1 0 0 1 14.4 381.76001 Tm
(Terry               ) Tj
ET
0.89804 0.89804 0.89804 rg
0.89804 0.89804 0.89804 RG
122.4 379.60001 5.4 8.856 re
f
0 0 0 rg
0 0 0 RG
BT
1 0 0 1 122.4 381.76001 Tm
( ) Tj
ET
1 1 0 rg
1 1 0 RG
127.8 379.60001 108 8.856 re
f
0 0 0 rg
0 0 0 RG
BT
1 0 0 1 127.8 381.76001 Tm
(Doan                ) Tj
ET
0.89804 0.89804 0.89804 rg
0.89804 0.89804 0.89804 RG
235.8 379.60001 372.60001 8.856 re
f
0 0 0 rg
0 0 0 RG
BT
1 0 0 1 235.8 381.76001 Tm
( ) Tj
ET
BT
1 0 0 1 241.2 381.76001 Tm
(blue                 WRD   ERB   NO_MATCH NO_MATCH NO_MATCH) Tj
ET
BT
1 0 0 1 559.79999 381.76001 Tm
( ) Tj
ET
BT
1 0 0 1 565.20001 381.76001 Tm
(NO_MATCH) Tj
ET
/F1 9 Tf
/F1 9 Tf
/F1 9 Tf
/F1 9 Tf
/F1 9 Tf
1 1 0 rg
1 1 0 RG
14.4 370.60001 108 8.856 re
f
0 0 0 rg
0 0 0 RG
BT
1 0 0 1 14.4 372.76001 Tm
(Terry               ) Tj
ET
BT
1 0 0 1 122.4 372.76001 Tm
( ) Tj
ET
1 1 0 rg
1 1 0 RG
127.8 370.60001 108 8.856 re
f
0 0 0 rg
0 0 0 RG
BT
1 0 0 1 127.8 372.76001 Tm
(Doan                ) Tj
ET
BT
1 0 0 1 235.8 372.76001 Tm
( ) Tj
ET
BT
1 0 0 1 241.2 372.76001 Tm
(blue                 TD    ERB   MATCH    MATCH    MATCH   ) Tj
ET
BT
1 0 0 1 559.79999 372.76001 Tm
( ) Tj
ET
BT
1 0 0 1 565.20001 372.76001 Tm
(MATCH   ) Tj
ET
/F1 9 Tf
/F1 9 Tf
/F1 9 Tf
/F1 9 Tf
/F1 9 Tf
1 1 0 rg
1 1 0 RG
14.4 361.60001 108 8.856 re
f
0 0 0 rg
0 0 0 RG
BT
1 0 0 1 14.4 363.76001 Tm
(Terry               ) Tj
ET
0.89804 0.89804 0.89804 rg
0.89804 0.89804 0.89804 RG
122.4 361.60001 5.4 8.856 re
f
0 0 0 rg
0 0 0 RG
BT
1 0 0 1 122.4 363.76001 Tm
( ) Tj
ET
1 1 0 rg
1 1 0 RG
127.8 361.60001 108 8.856 re
f
0 0 0 rg
0 0 0 RG
BT
1 0 0 1 127.8 363.76001 Tm
(Doan                ) Tj
ET
0.89804 0.89804 0.89804 rg
0.89804 0.89804 0.89804 RG
235.8 361.60001 372.60001 8.856 re
f
0 0 0 rg
0 0 0 RG
BT
1 0 0 1 235.8 363.76001 Tm
( ) Tj
ET
BT
1 0 0 1 241.2 363.76001 Tm
(blue                 ERB   ERB   NO_MATCH NO_MATCH NO_MATCH) Tj
ET
BT
1 0 0 1 559.79999 363.76001 Tm
( ) Tj
ET
BT
1 0 0 1 565.20001 363.76001 Tm
(NO_MATCH) Tj
ET
/F1 9 Tf
/F1 9 Tf
/F1 9 Tf
/F1 9 Tf
/F1 9 Tf
1 1 0 rg
1 1 0 RG
14.4 352.60001 108 8.856 re
f
0 0 0 rg
0 0 0 RG
BT
1 0 0 1 14.4 354.76001 Tm
(Eric                ) Tj
ET
BT
1 0 0 1 122.4 354.76001 Tm
( ) Tj
ET
1 1 0 rg
1 1 0 RG
127.8 352.60001 108 8.856 re
f
0 0 0 rg
0 0 0 RG
BT
1 0 0 1 127.8 354.76001 Tm
(Buruschkin          ) Tj
ET
BT
1 0 0 1 235.8 354.76001 Tm
( ) Tj
ET
BT
1 0 0 1 241.2 354.76001 Tm
(green                WRD   WRD   NO_MATCH NO_MATCH NO_MATCH) Tj
ET
BT
1 0 0 1 559.79999 354.76001 Tm
( ) Tj
ET
BT
1 0 0 1 565.20001 354.76001 Tm
(NO_MATCH) Tj
ET
/F1 9 Tf
/F1 9 Tf
/F1 9 Tf
/F1 9 Tf
/F1 9 Tf
1 1 0 rg
1 1 0 RG
14.4 343.60001 108 8.856 re
f
0 0 0 rg
0 0 0 RG
BT
1 0 0 1 14.4 345.76001 Tm
(Eric                ) Tj
ET
0.89804 0.89804 0.89804 rg
0.89804 0.89804 0.89804 RG
122.4 343.60001 5.4 8.856 re
f
0 0 0 rg
0 0 0 RG
BT
1 0 0 1 122.4 345.76001 Tm
( ) Tj
ET
1 1 0 rg
1 1 0 RG
127.8 343.60001 108 8.856 re
f
0 0 0 rg
0 0 0 RG
BT
1 0 0 1 127.8 345.76001 Tm
(Buruschkin          ) Tj
ET
0.89804 0.89804 0.89804 rg
0.89804 0.89804 0.89804 RG
235.8 343.60001 372.60001 8.856 re
f
0 0 0 rg
0 0 0 RG
BT
1 0 0 1 235.8 345.76001 Tm
( ) Tj
ET
BT
1 0 0 1 241.2 345.76001 Tm
(green                TD    WRD   NO_MATCH NO_MATCH NO_MATCH) Tj
ET
BT
1 0 0 1 559.79999 345.76001 Tm
( ) Tj
ET
BT
1 0 0 1 565.20001 345.76001 Tm
(NO_MATCH) Tj
ET
/F1 9 Tf
/F1 9 Tf
/F1 9 Tf
/F1 9 Tf
/F1 9 Tf
1 1 0 rg
1 1 0 RG
14.4 334.60001 108 8.856 re
f
0 0 0 rg
0 0 0 RG
BT
1 0 0 1 14.4 336.76001 Tm
(Eric                ) Tj
ET
BT
1 0 0 1 122.4 336.76001 Tm
( ) Tj
ET
1 1 0 rg
1 1 0 RG
127.8 334.60001 108 8.856 re
f
0 0 0 rg
0 0 0 RG
BT
1 0 0 1 127.8 336.76001 Tm
(Buruschkin          ) Tj
ET
BT
1 0 0 1 235.8 336.76001 Tm
( ) Tj
ET
BT
1 0 0 1 241.2 336.76001 Tm
(green                ERB   WRD   MATCH    MATCH    MATCH   ) Tj
ET
BT
1 0 0 1 559.79999 336.76001 Tm
( ) Tj
ET
BT
1 0 0 1 565.20001 336.76001 Tm
(MATCH   ) Tj
ET
/F1 9 Tf
/F1 9 Tf
/F1 9 Tf
/F1 9 Tf
/F1 9 Tf
1 1 0 rg
1 1 0 RG
14.4 325.60001 108 8.856 re
f
0 0 0 rg
0 0 0 RG
BT
1 0 0 1 14.4 327.76001 Tm
(Eric                ) Tj
ET
0.89804 0.89804 0.89804 rg
0.89804 0.89804 0.89804 RG
122.4 325.60001 5.4 8.856 re
f
0 0 0 rg
0 0 0 RG
BT
1 0 0 1 122.4 327.76001 Tm
( ) Tj
ET
1 1 0 rg
1 1 0 RG
127.8 325.60001 108 8.856 re
f
0 0 0 rg
0 0 0 RG
BT
1 0 0 1 127.8 327.76001 Tm
(Buruschkin          ) Tj
ET
0.89804 0.89804 0.89804 rg
0.89804 0.89804 0.89804 RG
235.8 325.60001 372.60001 8.856 re
f
0 0 0 rg
0 0 0 RG
BT
1 0 0 1 235.8 327.76001 Tm
( ) Tj
ET
BT
1 0 0 1 241.2 327.76001 Tm
(green                WRD   TD    NO_MATCH NO_MATCH NO_MATCH) Tj
ET
BT
1 0 0 1 559.79999 327.76001 Tm
( ) Tj
ET
BT
1 0 0 1 565.20001 327.76001 Tm
(NO_MATCH) Tj
ET
/F1 9 Tf
/F1 9 Tf
/F1 9 Tf
/F1 9 Tf
/F1 9 Tf
1 1 0 rg
1 1 0 RG
14.4 316.60001 108 8.856 re
f
0 0 0 rg
0 0 0 RG
BT
1 0 0 1 14.4 318.76001 Tm
(Eric                ) Tj
ET
BT
1 0 0 1 122.4 318.76001 Tm
( ) Tj
ET
1 1 0 rg
1 1 0 RG
127.8 316.60001 108 8.856 re
f
0 0 0 rg
0 0 0 RG
BT
1 0 0 1 127.8 318.76001 Tm
(Buruschkin          ) Tj
ET
BT
1 0 0 1 235.8 318.76001 Tm
( ) Tj
ET
BT
1 0 0 1 241.2 318.76001 Tm
(green                TD    TD    NO_MATCH NO_MATCH NO_MATCH) Tj
ET
BT
1 0 0 1 559.79999 318.76001 Tm
( ) Tj
ET
BT
1 0 0 1 565.20001 318.76001 Tm
(NO_MATCH) Tj
ET
/F1 9 Tf
/F1 9 Tf
/F1 9 Tf
/F1 9 Tf
/F1 9 Tf
1 1 0 rg
1 1 0 RG
14.4 307.60001 108 8.856 re
f
0 0 0 rg
0 0 0 RG
BT
1 0 0 1 14.4 309.76001 Tm
(Eric                ) Tj
ET
0.89804 0.89804 0.89804 rg
0.89804 0.89804 0.89804 RG
122.4 307.60001 5.4 8.856 re
f
0 0 0 rg
0 0 0 RG
BT
1 0 0 1 122.4 309.76001 Tm
( ) Tj
ET
1 1 0 rg
1 1 0 RG
127.8 307.60001 108 8.856 re
f
0 0 0 rg
0 0 0 RG
BT
1 0 0 1 127.8 309.76001 Tm
(Buruschkin          ) Tj
ET
0.89804 0.89804 0.89804 rg
0.89804 0.89804 0.89804 RG
235.8 307.60001 372.60001 8.856 re
f
0 0 0 rg
0 0 0 RG
BT
1 0 0 1 235.8 309.76001 Tm
( ) Tj
ET
BT
1 0 0 1 241.2 309.76001 Tm
(green                ERB   TD    MATCH    MATCH    MATCH   ) Tj
ET
BT
1 0 0 1 559.79999 309.76001 Tm
( ) Tj
ET
BT
1 0 0 1 565.20001 309.76001 Tm
(MATCH   ) Tj
ET
/F1 9 Tf
/F1 9 Tf
/F1 9 Tf
/F1 9 Tf
/F1 9 Tf
1 1 0 rg
1 1 0 RG
14.4 298.60001 108 8.856 re
f
0 0 0 rg
0 0 0 RG
BT
1 0 0 1 14.4 300.76001 Tm
(Eric                ) Tj
ET
BT
1 0 0 1 122.4 300.76001 Tm
( ) Tj
ET
1 1 0 rg
1 1 0 RG
127.8 298.60001 108 8.856 re
f
0 0 0 rg
0 0 0 RG
BT
1 0 0 1 127.8 300.76001 Tm
(Buruschkin          ) Tj
ET
BT
1 0 0 1 235.8 300.76001 Tm
( ) Tj
ET
BT
1 0 0 1 241.2 300.76001 Tm
(green                WRD   ERB   NO_MATCH NO_MATCH NO_MATCH) Tj
ET
BT
1 0 0 1 559.79999 300.76001 Tm
( ) Tj
ET
BT
1 0 0 1 565.20001 300.76001 Tm
(NO_MATCH) Tj
ET
/F1 9 Tf
/F1 9 Tf
/F1 9 Tf
/F1 9 Tf
/F1 9 Tf
1 1 0 rg
1 1 0 RG
14.4 289.60001 108 8.856 re
f
0 0 0 rg
0 0 0 RG
BT
1 0 0 1 14.4 291.76001 Tm
(Eric                ) Tj
ET
0.89804 0.89804 0.89804 rg
0.89804 0.89804 0.89804 RG
122.4 289.60001 5.4 8.856 re
f
0 0 0 rg
0 0 0 RG
BT
1 0 0 1 122.4 291.76001 Tm
( ) Tj
ET
1 1 0 rg
1 1 0 RG
127.8 289.60001 108 8.856 re
f
0 0 0 rg
0 0 0 RG
BT
1 0 0 1 127.8 291.76001 Tm
(Buruschkin          ) Tj
ET
0.89804 0.89804 0.89804 rg
0.89804 0.89804 0.89804 RG
235.8 289.60001 372.60001 8.856 re
f
0 0 0 rg
0 0 0 RG
BT
1 0 0 1 235.8 291.76001 Tm
( ) Tj
ET
BT
1 0 0 1 241.2 291.76001 Tm
(green                TD    ERB   NO_MATCH NO_MATCH NO_MATCH) Tj
ET
BT
1 0 0 1 559.79999 291.76001 Tm
( ) Tj
ET
BT
1 0 0 1 565.20001 291.76001 Tm
(NO_MATCH) Tj
ET
/F1 9 Tf
/F1 9 Tf
/F1 9 Tf
/F1 9 Tf
/F1 9 Tf
1 1 0 rg
1 1 0 RG
14.4 280.60001 108 8.856 re
f
0 0 0 rg
0 0 0 RG
BT
1 0 0 1 14.4 282.76001 Tm
(Eric                ) Tj
ET
BT
1 0 0 1 122.4 282.76001 Tm
( ) Tj
ET
1 1 0 rg
1 1 0 RG
127.8 280.60001 108 8.856 re
f
0 0 0 rg
0 0 0 RG
BT
1 0 0 1 127.8 282.76001 Tm
(Buruschkin          ) Tj
ET
BT
1 0 0 1 235.8 282.76001 Tm
( ) Tj
ET
BT
1 0 0 1 241.2 282.76001 Tm
(green                ERB   ERB   MATCH    MATCH    MATCH   ) Tj
ET
BT
1 0 0 1 559.79999 282.76001 Tm
( ) Tj
ET
BT
1 0 0 1 565.20001 282.76001 Tm
(MATCH   ) Tj
ET
/F1 9 Tf
/F1 9 Tf
/F1 9 Tf
/F1 9 Tf
/F1 9 Tf
1 1 0 rg
1 1 0 RG
14.4 271.60001 108 8.856 re
f
0 0 0 rg
0 0 0 RG
BT
1 0 0 1 14.4 273.76001 Tm
(Mike                ) Tj
ET
0.89804 0.89804 0.89804 rg
0.89804 0.89804 0.89804 RG
122.4 271.60001 5.4 8.856 re
f
0 0 0 rg
0 0 0 RG
BT
1 0 0 1 122.4 273.76001 Tm
( ) Tj
ET
1 1 0 rg
1 1 0 RG
127.8 271.60001 108 8.856 re
f
0 0 0 rg
0 0 0 RG
BT
1 0 0 1 127.8 273.76001 Tm
(Roth                ) Tj
ET
0.89804 0.89804 0.89804 rg
0.89804 0.89804 0.89804 RG
235.8 271.60001 372.60001 8.856 re
f
0 0 0 rg
0 0 0 RG
BT
1 0 0 1 235.8 273.76001 Tm
( ) Tj
ET
BT
1 0 0 1 241.2 273.76001 Tm
(yellow               WRD   WRD   NO_MATCH NO_MATCH NO_MATCH) Tj
ET
BT
1 0 0 1 559.79999 273.76001 Tm
( ) Tj
ET
BT
1 0 0 1 565.20001 273.76001 Tm
(NO_MATCH) Tj
ET
/F1 9 Tf
/F1 9 Tf
/F1 9 Tf
/F1 9 Tf
/F1 9 Tf
1 1 0 rg
1 1 0 RG
14.4 262.60001 108 8.856 re
f
0 0 0 rg
0 0 0 RG
BT
1 0 0 1 14.4 264.76001 Tm
(Mike                ) Tj
ET
BT
1 0 0 1 122.4 264.76001 Tm
( ) Tj
ET
1 1 0 rg
1 1 0 RG
127.8 262.60001 108 8.856 re
f
0 0 0 rg
0 0 0 RG
BT
1 0 0 1 127.8 264.76001 Tm
(Roth                ) Tj
ET
BT
1 0 0 1 235.8 264.76001 Tm
( ) Tj
ET
BT
1 0 0 1 241.2 264.76001 Tm
(yellow               TD    WRD   NO_MATCH NO_MATCH NO_MATCH) Tj
ET
BT
1 0 0 1 559.79999 264.76001 Tm
( ) Tj
ET
BT
1 0 0 1 565.20001 264.76001 Tm
(NO_MATCH) Tj
ET
/F1 9 Tf
/F1 9 Tf
/F1 9 Tf
/F1 9 Tf
/F1 9 Tf
1 1 0 rg
1 1 0 RG
14.4 253.60001 108 8.856 re
f
0 0 0 rg
0 0 0 RG
BT
1 0 0 1 14.4 255.75999 Tm
(Mike                ) Tj
ET
0.89804 0.89804 0.89804 rg
0.89804 0.89804 0.89804 RG
122.4 253.60001 5.4 8.856 re
f
0 0 0 rg
0 0 0 RG
BT
1 0 0 1 122.4 255.75999 Tm
( ) Tj
ET
1 1 0 rg
1 1 0 RG
127.8 253.60001 108 8.856 re
f
0 0 0 rg
0 0 0 RG
BT
1 0 0 1 127.8 255.75999 Tm
(Roth                ) Tj
ET
0.89804 0.89804 0.89804 rg
0.89804 0.89804 0.89804 RG
235.8 253.60001 372.60001 8.856 re
f
0 0 0 rg
0 0 0 RG
BT
1 0 0 1 235.8 255.75999 Tm
( ) Tj
ET
BT
1 0 0 1 241.2 255.75999 Tm
(yellow               ERB   WRD   NO_MATCH NO_MATCH NO_MATCH) Tj
ET
BT
1 0 0 1 559.79999 255.75999 Tm
( ) Tj
ET
BT
1 0 0 1 565.20001 255.75999 Tm
(NO_MATCH) Tj
ET
/F1 9 Tf
/F1 9 Tf
/F1 9 Tf
/F1 9 Tf
/F1 9 Tf
1 1 0 rg
1 1 0 RG
14.4 244.60001 108 8.856 re
f
0 0 0 rg
0 0 0 RG
BT
1 0 0 1 14.4 246.75999 Tm
(Mike                ) Tj
ET
BT
1 0 0 1 122.4 246.75999 Tm
( ) Tj
ET
1 1 0 rg
1 1 0 RG
127.8 244.60001 108 8.856 re
f
0 0 0 rg
0 0 0 RG
BT
1 0 0 1 127.8 246.75999 Tm
(Roth                ) Tj
ET
BT
1 0 0 1 235.8 246.75999 Tm
( ) Tj
ET
BT
1 0 0 1 241.2 246.75999 Tm
(yellow               WRD   TD    NO_MATCH NO_MATCH NO_MATCH) Tj
ET
BT
1 0 0 1 559.79999 246.75999 Tm
( ) Tj
ET
BT
1 0 0 1 565.20001 246.75999 Tm
(NO_MATCH) Tj
ET
/F1 9 Tf
/F1 9 Tf
/F1 9 Tf
/F1 9 Tf
/F1 9 Tf
1 1 0 rg
1 1 0 RG
14.4 235.60001 108 8.856 re
f
0 0 0 rg
0 0 0 RG
BT
1 0 0 1 14.4 237.75999 Tm
(Mike                ) Tj
ET
0.89804 0.89804 0.89804 rg
0.89804 0.89804 0.89804 RG
122.4 235.60001 5.4 8.856 re
f
0 0 0 rg
0 0 0 RG
BT
1 0 0 1 122.4 237.75999 Tm
( ) Tj
ET
1 1 0 rg
1 1 0 RG
127.8 235.60001 108 8.856 re
f
0 0 0 rg
0 0 0 RG
BT
1 0 0 1 127.8 237.75999 Tm
(Roth                ) Tj
ET
0.89804 0.89804 0.89804 rg
0.89804 0.89804 0.89804 RG
235.8 235.60001 372.60001 8.856 re
f
0 0 0 rg
0 0 0 RG
BT
1 0 0 1 235.8 237.75999 Tm
( ) Tj
ET
BT
1 0 0 1 241.2 237.75999 Tm
(yellow               TD    TD    NO_MATCH NO_MATCH NO_MATCH) Tj
ET
BT
1 0 0 1 559.79999 237.75999 Tm
( ) Tj
ET
BT
1 0 0 1 565.20001 237.75999 Tm
(NO_MATCH) Tj
ET
/F1 9 Tf
/F1 9 Tf
/F1 9 Tf
/F1 9 Tf
/F1 9 Tf
1 1 0 rg
1 1 0 RG
14.4 226.60001 108 8.856 re
f
0 0 0 rg
0 0 0 RG
BT
1 0 0 1 14.4 228.75999 Tm
(Mike                ) Tj
ET
BT
1 0 0 1 122.4 228.75999 Tm
( ) Tj
ET
1 1 0 rg
1 1 0 RG
127.8 226.60001 108 8.856 re
f
0 0 0 rg
0 0 0 RG
BT
1 0 0 1 127.8 228.75999 Tm
(Roth                ) Tj
ET
BT
1 0 0 1 235.8 228.75999 Tm
( ) Tj
ET
BT
1 0 0 1 241.2 228.75999 Tm
(yellow               ERB   TD    NO_MATCH NO_MATCH NO_MATCH) Tj
ET
BT
1 0 0 1 559.79999 228.75999 Tm
( ) Tj
ET
BT
1 0 0 1 565.20001 228.75999 Tm
(NO_MATCH) Tj
ET
/F1 9 Tf
/F1 9 Tf
/F1 9 Tf
/F1 9 Tf
/F1 9 Tf
1 1 0 rg
1 1 0 RG
14.4 217.60001 108 8.856 re
f
0 0 0 rg
0 0 0 RG
BT
1 0 0 1 14.4 219.75999 Tm
(Mike                ) Tj
ET
0.89804 0.89804 0.89804 rg
0.89804 0.89804 0.89804 RG
122.4 217.60001 5.4 8.856 re
f
0 0 0 rg
0 0 0 RG
BT
1 0 0 1 122.4 219.75999 Tm
( ) Tj
ET
1 1 0 rg
1 1 0 RG
127.8 217.60001 108 8.856 re
f
0 0 0 rg
0 0 0 RG
BT
1 0 0 1 127.8 219.75999 Tm
(Roth                ) Tj
ET
0.89804 0.89804 0.89804 rg
0.89804 0.89804 0.89804 RG
235.8 217.60001 372.60001 8.856 re
f
0 0 0 rg
0 0 0 RG
BT
1 0 0 1 235.8 219.75999 Tm
( ) Tj
ET
BT
1 0 0 1 241.2 219.75999 Tm
(yellow               WRD   ERB   NO_MATCH NO_MATCH NO_MATCH) Tj
ET
BT
1 0 0 1 559.79999 219.75999 Tm
( ) Tj
ET
BT
1 0 0 1 565.20001 219.75999 Tm
(NO_MATCH) Tj
ET
/F1 9 Tf
/F1 9 Tf
/F1 9 Tf
/F1 9 Tf
/F1 9 Tf
1 1 0 rg
1 1 0 RG
14.4 208.60001 108 8.856 re
f
0 0 0 rg
0 0 0 RG
BT
1 0 0 1 14.4 210.75999 Tm
(Mike                ) Tj
ET
BT
1 0 0 1 122.4 210.75999 Tm
( ) Tj
ET
1 1 0 rg
1 1 0 RG
127.8 208.60001 108 8.856 re
f
0 0 0 rg
0 0 0 RG
BT
1 0 0 1 127.8 210.75999 Tm
(Roth                ) Tj
ET
BT
1 0 0 1 235.8 210.75999 Tm
( ) Tj
ET
BT
1 0 0 1 241.2 210.75999 Tm
(yellow               TD    ERB   NO_MATCH NO_MATCH NO_MATCH) Tj
ET
BT
1 0 0 1 559.79999 210.75999 Tm
( ) Tj
ET
BT
1 0 0 1 565.20001 210.75999 Tm
(NO_MATCH) Tj
ET
/F1 9 Tf
/F1 9 Tf
/F1 9 Tf
/F1 9 Tf
/F1 9 Tf
1 1 0 rg
1 1 0 RG
14.4 199.60001 108 8.856 re
f
0 0 0 rg
0 0 0 RG
BT
1 0 0 1 14.4 201.75999 Tm
(Mike                ) Tj
ET
0.89804 0.89804 0.89804 rg
0.89804 0.89804 0.89804 RG
122.4 199.60001 5.4 8.856 re
f
0 0 0 rg
0 0 0 RG
BT
1 0 0 1 122.4 201.75999 Tm
( ) Tj
ET
1 1 0 rg
1 1 0 RG
127.8 199.60001 108 8.856 re
f
0 0 0 rg
0 0 0 RG
BT
1 0 0 1 127.8 201.75999 Tm
(Roth                ) Tj
ET
0.89804 0.89804 0.89804 rg
0.89804 0.89804 0.89804 RG
235.8 199.60001 372.60001 8.856 re
f
0 0 0 rg
0 0 0 RG
BT
1 0 0 1 235.8 201.75999 Tm
( ) Tj
ET
BT
1 0 0 1 241.2 201.75999 Tm
(yellow               ERB   ERB   NO_MATCH NO_MATCH NO_MATCH) Tj
ET
BT
1 0 0 1 559.79999 201.75999 Tm
( ) Tj
ET
BT
1 0 0 1 565.20001 201.75999 Tm
(NO_MATCH) Tj
ET
/F1 9 Tf
/F1 9 Tf
/F1 9 Tf
/F1 9 Tf
/F1 9 Tf
1 1 0 rg
1 1 0 RG
14.4 190.60001 108 8.856 re
f
0 0 0 rg
0 0 0 RG
BT
1 0 0 1 14.4 192.75999 Tm
(Bob                 ) Tj
ET
BT
1 0 0 1 122.4 192.75999 Tm
( ) Tj
ET
1 1 0 rg
1 1 0 RG
127.8 190.60001 108 8.856 re
f
0 0 0 rg
0 0 0 RG
BT
1 0 0 1 127.8 192.75999 Tm
(Kratz               ) Tj
ET
BT
1 0 0 1 235.8 192.75999 Tm
( ) Tj
ET
BT
1 0 0 1 241.2 192.75999 Tm
(pink                 WRD   WRD   NO_MATCH NO_MATCH NO_MATCH) Tj
ET
BT
1 0 0 1 559.79999 192.75999 Tm
( ) Tj
ET
BT
1 0 0 1 565.20001 192.75999 Tm
(NO_MATCH) Tj
ET
/F1 9 Tf
/F1 9 Tf
/F1 9 Tf
/F1 9 Tf
/F1 9 Tf
1 1 0 rg
1 1 0 RG
14.4 181.60001 108 8.856 re
f
0 0 0 rg
0 0 0 RG
BT
1 0 0 1 14.4 183.75999 Tm
(Bob                 ) Tj
ET
0.89804 0.89804 0.89804 rg
0.89804 0.89804 0.89804 RG
122.4 181.60001 5.4 8.856 re
f
0 0 0 rg
0 0 0 RG
BT
1 0 0 1 122.4 183.75999 Tm
( ) Tj
ET
1 1 0 rg
1 1 0 RG
127.8 181.60001 108 8.856 re
f
0 0 0 rg
0 0 0 RG
BT
1 0 0 1 127.8 183.75999 Tm
(Kratz               ) Tj
ET
0.89804 0.89804 0.89804 rg
0.89804 0.89804 0.89804 RG
235.8 181.60001 372.60001 8.856 re
f
0 0 0 rg
0 0 0 RG
BT
1 0 0 1 235.8 183.75999 Tm
( ) Tj
ET
BT
1 0 0 1 241.2 183.75999 Tm
(pink                 TD    WRD   NO_MATCH NO_MATCH NO_MATCH) Tj
ET
BT
1 0 0 1 559.79999 183.75999 Tm
( ) Tj
ET
BT
1 0 0 1 565.20001 183.75999 Tm
(NO_MATCH) Tj
ET
/F1 9 Tf
/F1 9 Tf
/F1 9 Tf
/F1 9 Tf
/F1 9 Tf
1 1 0 rg
1 1 0 RG
14.4 172.60001 108 8.856 re
f
0 0 0 rg
0 0 0 RG
BT
1 0 0 1 14.4 174.75999 Tm
(Bob                 ) Tj
ET
BT
1 0 0 1 122.4 174.75999 Tm
( ) Tj
ET
1 1 0 rg
1 1 0 RG
127.8 172.60001 108 8.856 re
f
0 0 0 rg
0 0 0 RG
BT
1 0 0 1 127.8 174.75999 Tm
(Kratz               ) Tj
ET
BT
1 0 0 1 235.8 174.75999 Tm
( ) Tj
ET
BT
1 0 0 1 241.2 174.75999 Tm
(pink                 ERB   WRD   NO_MATCH NO_MATCH NO_MATCH) Tj
ET
BT
1 0 0 1 559.79999 174.75999 Tm
( ) Tj
ET
BT
1 0 0 1 565.20001 174.75999 Tm
(NO_MATCH) Tj
ET
/F1 9 Tf
/F1 9 Tf
/F1 9 Tf
/F1 9 Tf
/F1 9 Tf
1 1 0 rg
1 1 0 RG
14.4 163.60001 108 8.856 re
f
0 0 0 rg
0 0 0 RG
BT
1 0 0 1 14.4 165.75999 Tm
(Bob                 ) Tj
ET
0.89804 0.89804 0.89804 rg
0.89804 0.89804 0.89804 RG
122.4 163.60001 5.4 8.856 re
f
0 0 0 rg
0 0 0 RG
BT
1 0 0 1 122.4 165.75999 Tm
( ) Tj
ET
1 1 0 rg
1 1 0 RG
127.8 163.60001 108 8.856 re
f
0 0 0 rg
0 0 0 RG
BT
1 0 0 1 127.8 165.75999 Tm
(Kratz               ) Tj
ET
0.89804 0.89804 0.89804 rg
0.89804 0.89804 0.89804 RG
235.8 163.60001 372.60001 8.856 re
f
0 0 0 rg
0 0 0 RG
BT
1 0 0 1 235.8 165.75999 Tm
( ) Tj
ET
BT
1 0 0 1 241.2 165.75999 Tm
(pink                 WRD   TD    NO_MATCH NO_MATCH NO_MATCH) Tj
ET
BT
1 0 0 1 559.79999 165.75999 Tm
( ) Tj
ET
BT
1 0 0 1 565.20001 165.75999 Tm
(NO_MATCH) Tj
ET
/F1 9 Tf
/F1 9 Tf
/F1 9 Tf
/F1 9 Tf
/F1 9 Tf
1 1 0 rg
1 1 0 RG
14.4 154.60001 108 8.856 re
f
0 0 0 rg
0 0 0 RG
BT
1 0 0 1 14.4 156.75999 Tm
(Bob                 ) Tj
ET
BT
1 0 0 1 122.4 156.75999 Tm
( ) Tj
ET
1 1 0 rg
1 1 0 RG
127.8 154.60001 108 8.856 re
f
0 0 0 rg
0 0 0 RG
BT
1 0 0 1 127.8 156.75999 Tm
(Kratz               ) Tj
ET
BT
1 0 0 1 235.8 156.75999 Tm
( ) Tj
ET
BT
1 0 0 1 241.2 156.75999 Tm
(pink                 TD    TD    NO_MATCH NO_MATCH NO_MATCH) Tj
ET
BT
1 0 0 1 559.79999 156.75999 Tm
( ) Tj
ET
BT
1 0 0 1 565.20001 156.75999 Tm
(NO_MATCH) Tj
ET
/F1 9 Tf
/F1 9 Tf
/F1 9 Tf
/F1 9 Tf
/F1 9 Tf
1 1 0 rg
1 1 0 RG
14.4 145.60001 108 8.856 re
f
0 0 0 rg
0 0 0 RG
BT
1 0 0 1 14.4 147.75999 Tm
(Bob                 ) Tj
ET
0.89804 0.89804 0.89804 rg
0.89804 0.89804 0.89804 RG
122.4 145.60001 5.4 8.856 re
f
0 0 0 rg
0 0 0 RG
BT
1 0 0 1 122.4 147.75999 Tm
( ) Tj
ET
1 1 0 rg
1 1 0 RG
127.8 145.60001 108 8.856 re
f
0 0 0 rg
0 0 0 RG
BT
1 0 0 1 127.8 147.75999 Tm
(Kratz               ) Tj
ET
0.89804 0.89804 0.89804 rg
0.89804 0.89804 0.89804 RG
235.8 145.60001 372.60001 8.856 re
f
0 0 0 rg
0 0 0 RG
BT
1 0 0 1 235.8 147.75999 Tm
( ) Tj
ET
BT
1 0 0 1 241.2 147.75999 Tm
(pink                 ERB   TD    NO_MATCH NO_MATCH NO_MATCH) Tj
ET
BT
1 0 0 1 559.79999 147.75999 Tm
( ) Tj
ET
BT
1 0 0 1 565.20001 147.75999 Tm
(NO_MATCH) Tj
ET
/F1 9 Tf
/F1 9 Tf
/F1 9 Tf
/F1 9 Tf
/F1 9 Tf
1 1 0 rg
1 1 0 RG
14.4 136.60001 108 8.856 re
f
0 0 0 rg
0 0 0 RG
BT
1 0 0 1 14.4 138.75999 Tm
(Bob                 ) Tj
ET
BT
1 0 0 1 122.4 138.75999 Tm
( ) Tj
ET
1 1 0 rg
1 1 0 RG
127.8 136.60001 108 8.856 re
f
0 0 0 rg
0 0 0 RG
BT
1 0 0 1 127.8 138.75999 Tm
(Kratz               ) Tj
ET
BT
1 0 0 1 235.8 138.75999 Tm
( ) Tj
ET
BT
1 0 0 1 241.2 138.75999 Tm
(pink                 WRD   ERB   NO_MATCH NO_MATCH NO_MATCH) Tj
ET
BT
1 0 0 1 559.79999 138.75999 Tm
( ) Tj
ET
BT
1 0 0 1 565.20001 138.75999 Tm
(NO_MATCH) Tj
ET
/F1 9 Tf
/F1 9 Tf
/F1 9 Tf
/F1 9 Tf
/F1 9 Tf
1 1 0 rg
1 1 0 RG
14.4 127.6 108 8.856 re
f
0 0 0 rg
0 0 0 RG
BT
1 0 0 1 14.4 129.75999 Tm
(Bob                 ) Tj
ET
0.89804 0.89804 0.89804 rg
0.89804 0.89804 0.89804 RG
122.4 127.6 5.4 8.856 re
f
0 0 0 rg
0 0 0 RG
BT
1 0 0 1 122.4 129.75999 Tm
( ) Tj
ET
1 1 0 rg
1 1 0 RG
127.8 127.6 108 8.856 re
f
0 0 0 rg
0 0 0 RG
BT
1 0 0 1 127.8 129.75999 Tm
(Kratz               ) Tj
ET
0.89804 0.89804 0.89804 rg
0.89804 0.89804 0.89804 RG
235.8 127.6 372.60001 8.856 re
f
0 0 0 rg
0 0 0 RG
BT
1 0 0 1 235.8 129.75999 Tm
( ) Tj
ET
BT
1 0 0 1 241.2 129.75999 Tm
(pink                 TD    ERB   NO_MATCH NO_MATCH NO_MATCH) Tj
ET
BT
1 0 0 1 559.79999 129.75999 Tm
( ) Tj
ET
BT
1 0 0 1 565.20001 129.75999 Tm
(NO_MATCH) Tj
ET
/F1 9 Tf
/F1 9 Tf
/F1 9 Tf
/F1 9 Tf
/F1 9 Tf
1 1 0 rg
1 1 0 RG
14.4 118.6 108 8.856 re
f
0 0 0 rg
0 0 0 RG
BT
1 0 0 1 14.4 120.76 Tm
(Bob                 ) Tj
ET
BT
1 0 0 1 122.4 120.76 Tm
( ) Tj
ET
1 1 0 rg
1 1 0 RG
127.8 118.6 108 8.856 re
f
0 0 0 rg
0 0 0 RG
BT
1 0 0 1 127.8 120.76 Tm
(Kratz               ) Tj
ET
BT
1 0 0 1 235.8 120.76 Tm
( ) Tj
ET
BT
1 0 0 1 241.2 120.76 Tm
(pink                 ERB   ERB   NO_MATCH NO_MATCH NO_MATCH) Tj
ET
BT
1 0 0 1 559.79999 120.76 Tm
( ) Tj
ET
BT
1 0 0 1 565.20001 120.76 Tm
(NO_MATCH) Tj
ET
/F1 9 Tf
/F1 9 Tf
/F1 9 Tf
/F1 9 Tf
/F1 9 Tf
1 1 0 rg
1 1 0 RG
14.4 109.6 108 8.856 re
f
0 0 0 rg
0 0 0 RG
BT
1 0 0 1 14.4 111.76 Tm
(Steve               ) Tj
ET
0.89804 0.89804 0.89804 rg
0.89804 0.89804 0.89804 RG
122.4 109.6 5.4 8.856 re
f
0 0 0 rg
0 0 0 RG
BT
1 0 0 1 122.4 111.76 Tm
( ) Tj
ET
1 1 0 rg
1 1 0 RG
127.8 109.6 108 8.856 re
f
0 0 0 rg
0 0 0 RG
BT
1 0 0 1 127.8 111.76 Tm
(Tilden              ) Tj
ET
0.89804 0.89804 0.89804 rg
0.89804 0.89804 0.89804 RG
235.8 109.6 372.60001 8.856 re
f
0 0 0 rg
0 0 0 RG
BT
1 0 0 1 235.8 111.76 Tm
( ) Tj
ET
BT
1 0 0 1 241.2 111.76 Tm
(purple               WRD   WRD   NO_MATCH NO_MATCH NO_MATCH) Tj
ET
BT
1 0 0 1 559.79999 111.76 Tm
( ) Tj
ET
BT
1 0 0 1 565.20001 111.76 Tm
(NO_MATCH) Tj
ET
/F1 9 Tf
/F1 9 Tf
/F1 9 Tf
/F1 9 Tf
/F1 9 Tf
1 1 0 rg
1 1 0 RG
14.4 100.6 108 8.856 re
f
0 0 0 rg
0 0 0 RG
BT
1 0 0 1 14.4 102.76 Tm
(Steve               ) Tj
ET
BT
1 0 0 1 122.4 102.76 Tm
( ) Tj
ET
1 1 0 rg
1 1 0 RG
127.8 100.6 108 8.856 re
f
0 0 0 rg
0 0 0 RG
BT
1 0 0 1 127.8 102.76 Tm
(Tilden              ) Tj
ET
BT
1 0 0 1 235.8 102.76 Tm
( ) Tj
ET
BT
1 0 0 1 241.2 102.76 Tm
(purple               TD    WRD   NO_MATCH NO_MATCH NO_MATCH) Tj
ET
BT
1 0 0 1 559.79999 102.76 Tm
( ) Tj
ET
BT
1 0 0 1 565.20001 102.76 Tm
(NO_MATCH) Tj
ET
/F1 9 Tf
/F1 9 Tf
/F1 9 Tf
/F1 9 Tf
/F1 9 Tf
1 1 0 rg
1 1 0 RG
14.4 91.6 108 8.856 re
f
0 0 0 rg
0 0 0 RG
BT
1 0 0 1 14.4 93.76 Tm
(Steve               ) Tj
ET
0.89804 0.89804 0.89804 rg
0.89804 0.89804 0.89804 RG
122.4 91.6 5.4 8.856 re
f
0 0 0 rg
0 0 0 RG
BT
1 0 0 1 122.4 93.76 Tm
( ) Tj
ET
1 1 0 rg
1 1 0 RG
127.8 91.6 108 8.856 re
f
0 0 0 rg
0 0 0 RG
BT
1 0 0 1 127.8 93.76 Tm
(Tilden              ) Tj
ET
0.89804 0.89804 0.89804 rg
0.89804 0.89804 0.89804 RG
235.8 91.6 372.60001 8.856 re
f
0 0 0 rg
0 0 0 RG
BT
1 0 0 1 235.8 93.76 Tm
( ) Tj
ET
BT
1 0 0 1 241.2 93.76 Tm
(purple               ERB   WRD   NO_MATCH NO_MATCH NO_MATCH) Tj
ET
BT
1 0 0 1 559.79999 93.76 Tm
( ) Tj
ET
BT
1 0 0 1 565.20001 93.76 Tm
(NO_MATCH) Tj
ET
/F1 9 Tf
/F1 9 Tf
/F1 9 Tf
/F1 9 Tf
/F1 9 Tf
1 1 0 rg
1 1 0 RG
14.4 82.6 108 8.856 re
f
0 0 0 rg
0 0 0 RG
BT
1 0 0 1 14.4 84.76 Tm
(Steve               ) Tj
ET
BT
1 0 0 1 122.4 84.76 Tm
( ) Tj
ET
1 1 0 rg
1 1 0 RG
127.8 82.6 108 8.856 re
f
0 0 0 rg
0 0 0 RG
BT
1 0 0 1 127.8 84.76 Tm
(Tilden              ) Tj
ET
BT
1 0 0 1 235.8 84.76 Tm
( ) Tj
ET
BT
1 0 0 1 241.2 84.76 Tm
(purple               WRD   TD    NO_MATCH NO_MATCH NO_MATCH) Tj
ET
BT
1 0 0 1 559.79999 84.76 Tm
( ) Tj
ET
BT
1 0 0 1 565.20001 84.76 Tm
(NO_MATCH) Tj
ET
/F1 9 Tf
/F1 9 Tf
/F1 9 Tf
/F1 9 Tf
/F1 9 Tf
1 1 0 rg
1 1 0 RG
14.4 73.6 108 8.856 re
f
0 0 0 rg
0 0 0 RG
BT
1 0 0 1 14.4 75.76 Tm
(Steve               ) Tj
ET
0.89804 0.89804 0.89804 rg
0.89804 0.89804 0.89804 RG
122.4 73.6 5.4 8.856 re
f
0 0 0 rg
0 0 0 RG
BT
1 0 0 1 122.4 75.76 Tm
( ) Tj
ET
1 1 0 rg
1 1 0 RG
127.8 73.6 108 8.856 re
f
0 0 0 rg
0 0 0 RG
BT
1 0 0 1 127.8 75.76 Tm
(Tilden              ) Tj
ET
0.89804 0.89804 0.89804 rg
0.89804 0.89804 0.89804 RG
235.8 73.6 372.60001 8.856 re
f
0 0 0 rg
0 0 0 RG
BT
1 0 0 1 235.8 75.76 Tm
( ) Tj
ET
BT
1 0 0 1 241.2 75.76 Tm
(purple               TD    TD    NO_MATCH NO_MATCH NO_MATCH) Tj
ET
BT
1 0 0 1 559.79999 75.76 Tm
( ) Tj
ET
BT
1 0 0 1 565.20001 75.76 Tm
(NO_MATCH) Tj
ET
/F1 9 Tf
/F1 9 Tf
/F1 9 Tf
/F1 9 Tf
/F1 9 Tf
1 1 0 rg
1 1 0 RG
14.4 64.6 108 8.856 re
f
0 0 0 rg
0 0 0 RG
BT
1 0 0 1 14.4 66.76 Tm
(Steve               ) Tj
ET
BT
1 0 0 1 122.4 66.76 Tm
( ) Tj
ET
1 1 0 rg
1 1 0 RG
127.8 64.6 108 8.856 re
f
0 0 0 rg
0 0 0 RG
BT
1 0 0 1 127.8 66.76 Tm
(Tilden              ) Tj
ET
BT
1 0 0 1 235.8 66.76 Tm
( ) Tj
ET
BT
1 0 0 1 241.2 66.76 Tm
(purple               ERB   TD    NO_MATCH NO_MATCH NO_MATCH) Tj
ET
BT
1 0 0 1 559.79999 66.76 Tm
( ) Tj
ET
BT
1 0 0 1 565.20001 66.76 Tm
(NO_MATCH) Tj
ET
/F1 9 Tf
/F1 9 Tf
/F1 9 Tf
/F1 9 Tf
/F1 9 Tf
1 1 0 rg
1 1 0 RG
14.4 55.6 108 8.856 re
f
0 0 0 rg
0 0 0 RG
BT
1 0 0 1 14.4 57.76 Tm
(Steve               ) Tj
ET
0.89804 0.89804 0.89804 rg
0.89804 0.89804 0.89804 RG
122.4 55.6 5.4 8.856 re
f
0 0 0 rg
0 0 0 RG
BT
1 0 0 1 122.4 57.76 Tm
( ) Tj
ET
1 1 0 rg
1 1 0 RG
127.8 55.6 108 8.856 re
f
0 0 0 rg
0 0 0 RG
BT
1 0 0 1 127.8 57.76 Tm
(Tilden              ) Tj
ET
0.89804 0.89804 0.89804 rg
0.89804 0.89804 0.89804 RG
235.8 55.6 372.60001 8.856 re
f
0 0 0 rg
0 0 0 RG
BT
1 0 0 1 235.8 57.76 Tm
( ) Tj
ET
BT
1 0 0 1 241.2 57.76 Tm
(purple               WRD   ERB   NO_MATCH NO_MATCH NO_MATCH) Tj
ET
BT
1 0 0 1 559.79999 57.76 Tm
( ) Tj
ET
BT
1 0 0 1 565.20001 57.76 Tm
(NO_MATCH) Tj
ET
/F1 9 Tf
/F1 9 Tf
/F1 9 Tf
/F1 9 Tf
/F1 9 Tf
1 1 0 rg
1 1 0 RG
14.4 46.6 108 8.856 re
f
0 0 0 rg
0 0 0 RG
BT
1 0 0 1 14.4 48.76 Tm
(Steve               ) Tj
ET
BT
1 0 0 1 122.4 48.76 Tm
( ) Tj
ET
1 1 0 rg
1 1 0 RG
127.8 46.6 108 8.856 re
f
0 0 0 rg
0 0 0 RG
BT
1 0 0 1 127.8 48.76 Tm
(Tilden              ) Tj
ET
BT
1 0 0 1 235.8 48.76 Tm
( ) Tj
ET
BT
1 0 0 1 241.2 48.76 Tm
(purple               TD    ERB   NO_MATCH NO_MATCH NO_MATCH) Tj
ET
BT
1 0 0 1 559.79999 48.76 Tm
( ) Tj
ET
BT
1 0 0 1 565.20001 48.76 Tm
(NO_MATCH) Tj
ET
/F1 9 Tf
/F1 9 Tf
/F1 9 Tf
/F1 9 Tf
/F1 9 Tf
1 1 0 rg
1 1 0 RG
14.4 37.6 108 8.856 re
f
0 0 0 rg
0 0 0 RG
BT
1 0 0 1 14.4 39.76 Tm
(Steve               ) Tj
ET
0.89804 0.89804 0.89804 rg
0.89804 0.89804 0.89804 RG
122.4 37.6 5.4 8.856 re
f
0 0 0 rg
0 0 0 RG
BT
1 0 0 1 122.4 39.76 Tm
( ) Tj
ET
1 1 0 rg
1 1 0 RG
127.8 37.6 108 8.856 re
f
0 0 0 rg
0 0 0 RG
BT
1 0 0 1 127.8 39.76 Tm
(Tilden              ) Tj
ET
0.89804 0.89804 0.89804 rg
0.89804 0.89804 0.89804 RG
235.8 37.6 372.60001 8.856 re
f
0 0 0 rg
0 0 0 RG
BT
1 0 0 1 235.8 39.76 Tm
( ) Tj
ET
BT
1 0 0 1 241.2 39.76 Tm
(purple               ERB   ERB   NO_MATCH NO_MATCH NO_MATCH) Tj
ET
BT
1 0 0 1 559.79999 39.76 Tm
( ) Tj
ET
BT
1 0 0 1 565.20001 39.76 Tm
(NO_MATCH) Tj
ET
/F1 9 Tf
/F1 9 Tf
/F1 9 Tf
/F1 9 Tf
/F1 9 Tf
/F1 9 Tf

endstream
endobj
6 0 obj
37336
endobj
7 0 obj
<<
/Type /Font
/BaseFont /Courier
/Subtype /Type1
/Encoding /WinAnsiEncoding
>>
endobj
8 0 obj
<<
/Type /Font
/BaseFont /Courier-Bold
/Subtype /Type1
/Encoding /WinAnsiEncoding
>>
endobj
9 0 obj
<<
/Type /Font
/BaseFont /Courier-Oblique
/Subtype /Type1
/Encoding /WinAnsiEncoding
>>
endobj
10 0 obj
<<
/Type /Font
/BaseFont /Courier-BoldOblique
/Subtype /Type1
/Encoding /WinAnsiEncoding
>>
endobj
11 0 obj
<<
/Rect [ 514.59998 669.59998 523.59998 777.59998 ]
/Type /Annot
/Subtype /Link
/A <<
/Type /Action
/S /URI
/URI (http:\057\057www.yahoo.com)
>>
/P 4 0 R
>>
endobj
12 0 obj
<<
/Rect [ 514.59998 556.20001 523.59998 664.20001 ]
/Type /Annot
/Subtype /Link
/A <<
/Type /Action
/S /URI
/URI (http:\057\057www.yahoo.com)
>>
/P 4 0 R
>>
endobj
13 0 obj
<<
/Rect [ 505.60001 669.59998 514.59998 777.59998 ]
/Type /Annot
/Subtype /Link
/A <<
/Type /Action
/S /URI
/URI (http:\057\057www.yahoo.com)
>>
/P 4 0 R
>>
endobj
14 0 obj
<<
/Rect [ 505.60001 556.20001 514.59998 664.20001 ]
/Type /Annot
/Subtype /Link
/A <<
/Type /Action
/S /URI
/URI (http:\057\057www.yahoo.com)
>>
/P 4 0 R
>>
endobj
15 0 obj
<<
/Rect [ 496.60001 669.59998 505.60001 777.59998 ]
/Type /Annot
/Subtype /Link
/A <<
/Type /Action
/S /URI
/URI (http:\057\057www.yahoo.com)
>>
/P 4 0 R
>>
endobj
16 0 obj
<<
/Rect [ 496.60001 556.20001 505.60001 664.20001 ]
/Type /Annot
/Subtype /Link
/A <<
/Type /Action
/S /URI
/URI (http:\057\057www.yahoo.com)
>>
/P 4 0 R
>>
endobj
17 0 obj
<<
/Rect [ 487.60001 669.59998 496.60001 777.59998 ]
/Type /Annot
/Subtype /Link
/A <<
/Type /Action
/S /URI
/URI (http:\057\057www.yahoo.com)
>>
/P 4 0 R
>>
endobj
18 0 obj
<<
/Rect [ 487.60001 556.20001 496.60001 664.20001 ]
/Type /Annot
/Subtype /Link
/A <<
/Type /Action
/S /URI
/URI (http:\057\057www.yahoo.com)
>>
/P 4 0 R
>>
endobj
19 0 obj
<<
/Rect [ 478.60001 669.59998 487.60001 777.59998 ]
/Type /Annot
/Subtype /Link
/A <<
/Type /Action
/S /URI
/URI (http:\057\057www.yahoo.com)
>>
/P 4 0 R
>>
endobj
20 0 obj
<<
/Rect [ 478.60001 556.20001 487.60001 664.20001 ]
/Type /Annot
/Subtype /Link
/A <<
/Type /Action
/S /URI
/URI (http:\057\057www.yahoo.com)
>>
/P 4 0 R
>>
endobj
21 0 obj
<<
/Rect [ 469.60001 669.59998 478.60001 777.59998 ]
/Type /Annot
/Subtype /Link
/A <<
/Type /Action
/S /URI
/URI (http:\057\057www.yahoo.com)
>>
/P 4 0 R
>>
endobj
22 0 obj
<<
/Rect [ 469.60001 556.20001 478.60001 664.20001 ]
/Type /Annot
/Subtype /Link
/A <<
/Type /Action
/S /URI
/URI (http:\057\057www.yahoo.com)
>>
/P 4 0 R
>>
endobj
23 0 obj
<<
/Rect [ 460.60001 669.59998 469.60001 777.59998 ]
/Type /Annot
/Subtype /Link
/A <<
/Type /Action
/S /URI
/URI (http:\057\057www.yahoo.com)
>>
/P 4 0 R
>>
endobj
24 0 obj
<<
/Rect [ 460.60001 556.20001 469.60001 664.20001 ]
/Type /Annot
/Subtype /Link
/A <<
/Type /Action
/S /URI
/URI (http:\057\057www.yahoo.com)
>>
/P 4 0 R
>>
endobj
25 0 obj
<<
/Rect [ 451.60001 669.59998 460.60001 777.59998 ]
/Type /Annot
/Subtype /Link
/A <<
/Type /Action
/S /URI
/URI (http:\057\057www.yahoo.com)
>>
/P 4 0 R
>>
endobj
26 0 obj
<<
/Rect [ 451.60001 556.20001 460.60001 664.20001 ]
/Type /Annot
/Subtype /Link
/A <<
/Type /Action
/S /URI
/URI (http:\057\057www.yahoo.com)
>>
/P 4 0 R
>>
endobj
27 0 obj
<<
/Rect [ 442.60001 669.59998 451.60001 777.59998 ]
/Type /Annot
/Subtype /Link
/A <<
/Type /Action
/S /URI
/URI (http:\057\057www.yahoo.com)
>>
/P 4 0 R
>>
endobj
28 0 obj
<<
/Rect [ 442.60001 556.20001 451.60001 664.20001 ]
/Type /Annot
/Subtype /Link
/A <<
/Type /Action
/S /URI
/URI (http:\057\057www.yahoo.com)
>>
/P 4 0 R
>>
endobj
29 0 obj
<<
/Rect [ 433.60001 669.59998 442.60001 777.59998 ]
/Type /Annot
/Subtype /Link
/A <<
/Type /Action
/S /URI
/URI (http:\057\057www.yahoo.com)
>>
/P 4 0 R
>>
endobj
30 0 obj
<<
/Rect [ 433.60001 556.20001 442.60001 664.20001 ]
/Type /Annot
/Subtype /Link
/A <<
/Type /Action
/S /URI
/URI (http:\057\057www.yahoo.com)
>>
/P 4 0 R
>>
endobj
31 0 obj
<<
/Rect [ 424.60001 669.59998 433.60001 777.59998 ]
/Type /Annot
/Subtype /Link
/A <<
/Type /Action
/S /URI
/URI (http:\057\057www.yahoo.com)
>>
/P 4 0 R
>>
endobj
32 0 obj
<<
/Rect [ 424.60001 556.20001 433.60001 664.20001 ]
/Type /Annot
/Subtype /Link
/A <<
/Type /Action
/S /URI
/URI (http:\057\057www.yahoo.com)
>>
/P 4 0 R
>>
endobj
33 0 obj
<<
/Rect [ 415.60001 669.59998 424.60001 777.59998 ]
/Type /Annot
/Subtype /Link
/A <<
/Type /Action
/S /URI
/URI (http:\057\057www.yahoo.com)
>>
/P 4 0 R
>>
endobj
34 0 obj
<<
/Rect [ 415.60001 556.20001 424.60001 664.20001 ]
/Type /Annot
/Subtype /Link
/A <<
/Type /Action
/S /URI
/URI (http:\057\057www.yahoo.com)
>>
/P 4 0 R
>>
endobj
35 0 obj
<<
/Rect [ 406.60001 669.59998 415.60001 777.59998 ]
/Type /Annot
/Subtype /Link
/A <<
/Type /Action
/S /URI
/URI (http:\057\057www.yahoo.com)
>>
/P 4 0 R
>>
endobj
36 0 obj
<<
/Rect [ 406.60001 556.20001 415.60001 664.20001 ]
/Type /Annot
/Subtype /Link
/A <<
/Type /Action
/S /URI
/URI (http:\057\057www.yahoo.com)
>>
/P 4 0 R
>>
endobj
37 0 obj
<<
/Rect [ 397.60001 669.59998 406.60001 777.59998 ]
/Type /Annot
/Subtype /Link
/A <<
/Type /Action
/S /URI
/URI (http:\057\057www.yahoo.com)
>>
/P 4 0 R
>>
endobj
38 0 obj
<<
/Rect [ 397.60001 556.20001 406.60001 664.20001 ]
/Type /Annot
/Subtype /Link
/A <<
/Type /Action
/S /URI
/URI (http:\057\057www.yahoo.com)
>>
/P 4 0 R
>>
endobj
39 0 obj
<<
/Rect [ 388.60001 669.59998 397.60001 777.59998 ]
/Type /Annot
/Subtype /Link
/A <<
/Type /Action
/S /URI
/URI (http:\057\057www.yahoo.com)
>>
/P 4 0 R
>>
endobj
40 0 obj
<<
/Rect [ 388.60001 556.20001 397.60001 664.20001 ]
/Type /Annot
/Subtype /Link
/A <<
/Type /Action
/S /URI
/URI (http:\057\057www.yahoo.com)
>>
/P 4 0 R
>>
endobj
41 0 obj
<<
/Rect [ 379.60001 669.59998 388.60001 777.59998 ]
/Type /Annot
/Subtype /Link
/A <<
/Type /Action
/S /URI
/URI (http:\057\057www.yahoo.com)
>>
/P 4 0 R
>>
endobj
42 0 obj
<<
/Rect [ 379.60001 556.20001 388.60001 664.20001 ]
/Type /Annot
/Subtype /Link
/A <<
/Type /Action
/S /URI
/URI (http:\057\057www.yahoo.com)
>>
/P 4 0 R
>>
endobj
43 0 obj
<<
/Rect [ 370.60001 669.59998 379.60001 777.59998 ]
/Type /Annot
/Subtype /Link
/A <<
/Type /Action
/S /URI
/URI (http:\057\057www.yahoo.com)
>>
/P 4 0 R
>>
endobj
44 0 obj
<<
/Rect [ 370.60001 556.20001 379.60001 664.20001 ]
/Type /Annot
/Subtype /Link
/A <<
/Type /Action
/S /URI
/URI (http:\057\057www.yahoo.com)
>>
/P 4 0 R
>>
endobj
45 0 obj
<<
/Rect [ 361.60001 669.59998 370.60001 777.59998 ]
/Type /Annot
/Subtype /Link
/A <<
/Type /Action
/S /URI
/URI (http:\057\057www.yahoo.com)
>>
/P 4 0 R
>>
endobj
46 0 obj
<<
/Rect [ 361.60001 556.20001 370.60001 664.20001 ]
/Type /Annot
/Subtype /Link
/A <<
/Type /Action
/S /URI
/URI (http:\057\057www.yahoo.com)
>>
/P 4 0 R
>>
endobj
47 0 obj
<<
/Rect [ 352.60001 669.59998 361.60001 777.59998 ]
/Type /Annot
/Subtype /Link
/A <<
/Type /Action
/S /URI
/URI (http:\057\057www.yahoo.com)
>>
/P 4 0 R
>>
endobj
48 0 obj
<<
/Rect [ 352.60001 556.20001 361.60001 664.20001 ]
/Type /Annot
/Subtype /Link
/A <<
/Type /Action
/S /URI
/URI (http:\057\057www.yahoo.com)
>>
/P 4 0 R
>>
endobj
49 0 obj
<<
/Rect [ 343.60001 669.59998 352.60001 777.59998 ]
/Type /Annot
/Subtype /Link
/A <<
/Type /Action
/S /URI
/URI (http:\057\057www.yahoo.com)
>>
/P 4 0 R
>>
endobj
50 0 obj
<<
/Rect [ 343.60001 556.20001 352.60001 664.20001 ]
/Type /Annot
/Subtype /Link
/A <<
/Type /Action
/S /URI
/URI (http:\057\057www.yahoo.com)
>>
/P 4 0 R
>>
endobj
51 0 obj
<<
/Rect [ 334.60001 669.59998 343.60001 777.59998 ]
/Type /Annot
/Subtype /Link
/A <<
/Type /Action
/S /URI
/URI (http:\057\057www.yahoo.com)
>>
/P 4 0 R
>>
endobj
52 0 obj
<<
/Rect [ 334.60001 556.20001 343.60001 664.20001 ]
/Type /Annot
/Subtype /Link
/A <<
/Type /Action
/S /URI
/URI (http:\057\057www.yahoo.com)
>>
/P 4 0 R
>>
endobj
53 0 obj
<<
/Rect [ 325.60001 669.59998 334.60001 777.59998 ]
/Type /Annot
/Subtype /Link
/A <<
/Type /Action
/S /URI
/URI (http:\057\057www.yahoo.com)
>>
/P 4 0 R
>>
endobj
54 0 obj
<<
/Rect [ 325.60001 556.20001 334.60001 664.20001 ]
/Type /Annot
/Subtype /Link
/A <<
/Type /Action
/S /URI
/URI (http:\057\057www.yahoo.com)
>>
/P 4 0 R
>>
endobj
55 0 obj
<<
/Rect [ 316.60001 669.59998 325.60001 777.59998 ]
/Type /Annot
/Subtype /Link
/A <<
/Type /Action
/S /URI
/URI (http:\057\057www.yahoo.com)
>>
/P 4 0 R
>>
endobj
56 0 obj
<<
/Rect [ 316.60001 556.20001 325.60001 664.20001 ]
/Type /Annot
/Subtype /Link
/A <<
/Type /Action
/S /URI
/URI (http:\057\057www.yahoo.com)
>>
/P 4 0 R
>>
endobj
57 0 obj
<<
/Rect [ 307.60001 669.59998 316.60001 777.59998 ]
/Type /Annot
/Subtype /Link
/A <<
/Type /Action
/S /URI
/URI (http:\057\057www.yahoo.com)
>>
/P 4 0 R
>>
endobj
58 0 obj
<<
/Rect [ 307.60001 556.20001 316.60001 664.20001 ]
/Type /Annot
/Subtype /Link
/A <<
/Type /Action
/S /URI
/URI (http:\057\057www.yahoo.com)
>>
/P 4 0 R
>>
endobj
59 0 obj
<<
/Rect [ 298.60001 669.59998 307.60001 777.59998 ]
/Type /Annot
/Subtype /Link
/A <<
/Type /Action
/S /URI
/URI (http:\057\057www.yahoo.com)
>>
/P 4 0 R
>>
endobj
60 0 obj
<<
/Rect [ 298.60001 556.20001 307.60001 664.20001 ]
/Type /Annot
/Subtype /Link
/A <<
/Type /Action
/S /URI
/URI (http:\057\057www.yahoo.com)
>>
/P 4 0 R
>>
endobj
61 0 obj
<<
/Rect [ 289.60001 669.59998 298.60001 777.59998 ]
/Type /Annot
/Subtype /Link
/A <<
/Type /Action
/S /URI
/URI (http:\057\057www.yahoo.com)
>>
/P 4 0 R
>>
endobj
62 0 obj
<<
/Rect [ 289.60001 556.20001 298.60001 664.20001 ]
/Type /Annot
/Subtype /Link
/A <<
/Type /Action
/S /URI
/URI (http:\057\057www.yahoo.com)
>>
/P 4 0 R
>>
endobj
63 0 obj
<<
/Rect [ 280.60001 669.59998 289.60001 777.59998 ]
/Type /Annot
/Subtype /Link
/A <<
/Type /Action
/S /URI
/URI (http:\057\057www.yahoo.com)
>>
/P 4 0 R
>>
endobj
64 0 obj
<<
/Rect [ 280.60001 556.20001 289.60001 664.20001 ]
/Type /Annot
/Subtype /Link
/A <<
/Type /Action
/S /URI
/URI (http:\057\057www.yahoo.com)
>>
/P 4 0 R
>>
endobj
65 0 obj
<<
/Rect [ 271.60001 669.59998 280.60001 777.59998 ]
/Type /Annot
/Subtype /Link
/A <<
/Type /Action
/S /URI
/URI (http:\057\057www.yahoo.com)
>>
/P 4 0 R
>>
endobj
66 0 obj
<<
/Rect [ 271.60001 556.20001 280.60001 664.20001 ]
/Type /Annot
/Subtype /Link
/A <<
/Type /Action
/S /URI
/URI (http:\057\057www.yahoo.com)
>>
/P 4 0 R
>>
endobj
67 0 obj
<<
/Rect [ 262.60001 669.59998 271.60001 777.59998 ]
/Type /Annot
/Subtype /Link
/A <<
/Type /Action
/S /URI
/URI (http:\057\057www.yahoo.com)
>>
/P 4 0 R
>>
endobj
68 0 obj
<<
/Rect [ 262.60001 556.20001 271.60001 664.20001 ]
/Type /Annot
/Subtype /Link
/A <<
/Type /Action
/S /URI
/URI (http:\057\057www.yahoo.com)
>>
/P 4 0 R
>>
endobj
69 0 obj
<<
/Rect [ 253.60001 669.59998 262.60001 777.59998 ]
/Type /Annot
/Subtype /Link
/A <<
/Type /Action
/S /URI
/URI (http:\057\057www.yahoo.com)
>>
/P 4 0 R
>>
endobj
70 0 obj
<<
/Rect [ 253.60001 556.20001 262.60001 664.20001 ]
/Type /Annot
/Subtype /Link
/A <<
/Type /Action
/S /URI
/URI (http:\057\057www.yahoo.com)
>>
/P 4 0 R
>>
endobj
71 0 obj
<<
/Rect [ 244.60001 669.59998 253.60001 777.59998 ]
/Type /Annot
/Subtype /Link
/A <<
/Type /Action
/S /URI
/URI (http:\057\057www.yahoo.com)
>>
/P 4 0 R
>>
endobj
72 0 obj
<<
/Rect [ 244.60001 556.20001 253.60001 664.20001 ]
/Type /Annot
/Subtype /Link
/A <<
/Type /Action
/S /URI
/URI (http:\057\057www.yahoo.com)
>>
/P 4 0 R
>>
endobj
73 0 obj
<<
/Rect [ 235.60001 669.59998 244.60001 777.59998 ]
/Type /Annot
/Subtype /Link
/A <<
/Type /Action
/S /URI
/URI (http:\057\057www.yahoo.com)
>>
/P 4 0 R
>>
endobj
74 0 obj
<<
/Rect [ 235.60001 556.20001 244.60001 664.20001 ]
/Type /Annot
/Subtype /Link
/A <<
/Type /Action
/S /URI
/URI (http:\057\057www.yahoo.com)
>>
/P 4 0 R
>>
endobj
75 0 obj
<<
/Rect [ 226.60001 669.59998 235.60001 777.59998 ]
/Type /Annot
/Subtype /Link
/A <<
/Type /Action
/S /URI
/URI (http:\057\057www.yahoo.com)
>>
/P 4 0 R
>>
endobj
76 0 obj
<<
/Rect [ 226.60001 556.20001 235.60001 664.20001 ]
/Type /Annot
/Subtype /Link
/A <<
/Type /Action
/S /URI
/URI (http:\057\057www.yahoo.com)
>>
/P 4 0 R
>>
endobj
77 0 obj
<<
/Rect [ 217.60001 669.59998 226.60001 777.59998 ]
/Type /Annot
/Subtype /Link
/A <<
/Type /Action
/S /URI
/URI (http:\057\057www.yahoo.com)
>>
/P 4 0 R
>>
endobj
78 0 obj
<<
/Rect [ 217.60001 556.20001 226.60001 664.20001 ]
/Type /Annot
/Subtype /Link
/A <<
/Type /Action
/S /URI
/URI (http:\057\057www.yahoo.com)
>>
/P 4 0 R
>>
endobj
79 0 obj
<<
/Rect [ 208.60001 669.59998 217.60001 777.59998 ]
/Type /Annot
/Subtype /Link
/A <<
/Type /Action
/S /URI
/URI (http:\057\057www.yahoo.com)
>>
/P 4 0 R
>>
endobj
80 0 obj
<<
/Rect [ 208.60001 556.20001 217.60001 664.20001 ]
/Type /Annot
/Subtype /Link
/A <<
/Type /Action
/S /URI
/URI (http:\057\057www.yahoo.com)
>>
/P 4 0 R
>>
endobj
81 0 obj
<<
/Rect [ 199.60001 669.59998 208.60001 777.59998 ]
/Type /Annot
/Subtype /Link
/A <<
/Type /Action
/S /URI
/URI (http:\057\057www.yahoo.com)
>>
/P 4 0 R
>>
endobj
82 0 obj
<<
/Rect [ 199.60001 556.20001 208.60001 664.20001 ]
/Type /Annot
/Subtype /Link
/A <<
/Type /Action
/S /URI
/URI (http:\057\057www.yahoo.com)
>>
/P 4 0 R
>>
endobj
83 0 obj
<<
/Rect [ 190.60001 669.59998 199.60001 777.59998 ]
/Type /Annot
/Subtype /Link
/A <<
/Type /Action
/S /URI
/URI (http:\057\057www.yahoo.com)
>>
/P 4 0 R
>>
endobj
84 0 obj
<<
/Rect [ 190.60001 556.20001 199.60001 664.20001 ]
/Type /Annot
/Subtype /Link
/A <<
/Type /Action
/S /URI
/URI (http:\057\057www.yahoo.com)
>>
/P 4 0 R
>>
endobj
85 0 obj
<<
/Rect [ 181.60001 669.59998 190.60001 777.59998 ]
/Type /Annot
/Subtype /Link
/A <<
/Type /Action
/S /URI
/URI (http:\057\057www.yahoo.com)
>>
/P 4 0 R
>>
endobj
86 0 obj
<<
/Rect [ 181.60001 556.20001 190.60001 664.20001 ]
/Type /Annot
/Subtype /Link
/A <<
/Type /Action
/S /URI
/URI (http:\057\057www.yahoo.com)
>>
/P 4 0 R
>>
endobj
87 0 obj
<<
/Rect [ 172.60001 669.59998 181.60001 777.59998 ]
/Type /Annot
/Subtype /Link
/A <<
/Type /Action
/S /URI
/URI (http:\057\057www.yahoo.com)
>>
/P 4 0 R
>>
endobj
88 0 obj
<<
/Rect [ 172.60001 556.20001 181.60001 664.20001 ]
/Type /Annot
/Subtype /Link
/A <<
/Type /Action
/S /URI
/URI (http:\057\057www.yahoo.com)
>>
/P 4 0 R
>>
endobj
89 0 obj
<<
/Rect [ 163.60001 669.59998 172.60001 777.59998 ]
/Type /Annot
/Subtype /Link
/A <<
/Type /Action
/S /URI
/URI (http:\057\057www.yahoo.com)
>>
/P 4 0 R
>>
endobj
90 0 obj
<<
/Rect [ 163.60001 556.20001 172.60001 664.20001 ]
/Type /Annot
/Subtype /Link
/A <<
/Type /Action
/S /URI
/URI (http:\057\057www.yahoo.com)
>>
/P 4 0 R
>>
endobj
91 0 obj
<<
/Rect [ 154.60001 669.59998 163.60001 777.59998 ]
/Type /Annot
/Subtype /Link
/A <<
/Type /Action
/S /URI
/URI (http:\057\057www.yahoo.com)
>>
/P 4 0 R
>>
endobj
92 0 obj
<<
/Rect [ 154.60001 556.20001 163.60001 664.20001 ]
/Type /Annot
/Subtype /Link
/A <<
/Type /Action
/S /URI
/URI (http:\057\057www.yahoo.com)
>>
/P 4 0 R
>>
endobj
93 0 obj
<<
/Rect [ 145.60001 669.59998 154.60001 777.59998 ]
/Type /Annot
/Subtype /Link
/A <<
/Type /Action
/S /URI
/URI (http:\057\057www.yahoo.com)
>>
/P 4 0 R
>>
endobj
94 0 obj
<<
/Rect [ 145.60001 556.20001 154.60001 664.20001 ]
/Type /Annot
/Subtype /Link
/A <<
/Type /Action
/S /URI
/URI (http:\057\057www.yahoo.com)
>>
/P 4 0 R
>>
endobj
95 0 obj
<<
/Rect [ 136.60001 669.59998 145.60001 777.59998 ]
/Type /Annot
/Subtype /Link
/A <<
/Type /Action
/S /URI
/URI (http:\057\057www.yahoo.com)
>>
/P 4 0 R
>>
endobj
96 0 obj
<<
/Rect [ 136.60001 556.20001 145.60001 664.20001 ]
/Type /Annot
/Subtype /Link
/A <<
/Type /Action
/S /URI
/URI (http:\057\057www.yahoo.com)
>>
/P 4 0 R
>>
endobj
97 0 obj
<<
/Rect [ 127.6 669.59998 136.60001 777.59998 ]
/Type /Annot
/Subtype /Link
/A <<
/Type /Action
/S /URI
/URI (http:\057\057www.yahoo.com)
>>
/P 4 0 R
>>
endobj
98 0 obj
<<
/Rect [ 127.6 556.20001 136.60001 664.20001 ]
/Type /Annot
/Subtype /Link
/A <<
/Type /Action
/S /URI
/URI (http:\057\057www.yahoo.com)
>>
/P 4 0 R
>>
endobj
99 0 obj
<<
/Rect [ 118.6 669.59998 127.6 777.59998 ]
/Type /Annot
/Subtype /Link
/A <<
/Type /Action
/S /URI
/URI (http:\057\057www.yahoo.com)
>>
/P 4 0 R
>>
endobj
100 0 obj
<<
/Rect [ 118.6 556.20001 127.6 664.20001 ]
/Type /Annot
/Subtype /Link
/A <<
/Type /Action
/S /URI
/URI (http:\057\057www.yahoo.com)
>>
/P 4 0 R
>>
endobj
101 0 obj
<<
/Rect [ 109.6 669.59998 118.6 777.59998 ]
/Type /Annot
/Subtype /Link
/A <<
/Type /Action
/S /URI
/URI (http:\057\057www.yahoo.com)
>>
/P 4 0 R
>>
endobj
102 0 obj
<<
/Rect [ 109.6 556.20001 118.6 664.20001 ]
/Type /Annot
/Subtype /Link
/A <<
/Type /Action
/S /URI
/URI (http:\057\057www.yahoo.com)
>>
/P 4 0 R
>>
endobj
103 0 obj
<<
/Rect [ 100.6 669.59998 109.6 777.59998 ]
/Type /Annot
/Subtype /Link
/A <<
/Type /Action
/S /URI
/URI (http:\057\057www.yahoo.com)
>>
/P 4 0 R
>>
endobj
104 0 obj
<<
/Rect [ 100.6 556.20001 109.6 664.20001 ]
/Type /Annot
/Subtype /Link
/A <<
/Type /Action
/S /URI
/URI (http:\057\057www.yahoo.com)
>>
/P 4 0 R
>>
endobj
105 0 obj
<<
/Rect [ 91.6 669.59998 100.6 777.59998 ]
/Type /Annot
/Subtype /Link
/A <<
/Type /Action
/S /URI
/URI (http:\057\057www.yahoo.com)
>>
/P 4 0 R
>>
endobj
106 0 obj
<<
/Rect [ 91.6 556.20001 100.6 664.20001 ]
/Type /Annot
/Subtype /Link
/A <<
/Type /Action
/S /URI
/URI (http:\057\057www.yahoo.com)
>>
/P 4 0 R
>>
endobj
107 0 obj
<<
/Rect [ 82.6 669.59998 91.6 777.59998 ]
/Type /Annot
/Subtype /Link
/A <<
/Type /Action
/S /URI
/URI (http:\057\057www.yahoo.com)
>>
/P 4 0 R
>>
endobj
108 0 obj
<<
/Rect [ 82.6 556.20001 91.6 664.20001 ]
/Type /Annot
/Subtype /Link
/A <<
/Type /Action
/S /URI
/URI (http:\057\057www.yahoo.com)
>>
/P 4 0 R
>>
endobj
109 0 obj
<<
/Rect [ 73.6 669.59998 82.6 777.59998 ]
/Type /Annot
/Subtype /Link
/A <<
/Type /Action
/S /URI
/URI (http:\057\057www.yahoo.com)
>>
/P 4 0 R
>>
endobj
110 0 obj
<<
/Rect [ 73.6 556.20001 82.6 664.20001 ]
/Type /Annot
/Subtype /Link
/A <<
/Type /Action
/S /URI
/URI (http:\057\057www.yahoo.com)
>>
/P 4 0 R
>>
endobj
111 0 obj
<<
/Rect [ 64.6 669.59998 73.6 777.59998 ]
/Type /Annot
/Subtype /Link
/A <<
/Type /Action
/S /URI
/URI (http:\057\057www.yahoo.com)
>>
/P 4 0 R
>>
endobj
112 0 obj
<<
/Rect [ 64.6 556.20001 73.6 664.20001 ]
/Type /Annot
/Subtype /Link
/A <<
/Type /Action
/S /URI
/URI (http:\057\057www.yahoo.com)
>>
/P 4 0 R
>>
endobj
113 0 obj
<<
/Rect [ 55.6 669.59998 64.6 777.59998 ]
/Type /Annot
/Subtype /Link
/A <<
/Type /Action
/S /URI
/URI (http:\057\057www.yahoo.com)
>>
/P 4 0 R
>>
endobj
114 0 obj
<<
/Rect [ 55.6 556.20001 64.6 664.20001 ]
/Type /Annot
/Subtype /Link
/A <<
/Type /Action
/S /URI
/URI (http:\057\057www.yahoo.com)
>>
/P 4 0 R
>>
endobj
115 0 obj
<<
/Rect [ 46.6 669.59998 55.6 777.59998 ]
/Type /Annot
/Subtype /Link
/A <<
/Type /Action
/S /URI
/URI (http:\057\057www.yahoo.com)
>>
/P 4 0 R
>>
endobj
116 0 obj
<<
/Rect [ 46.6 556.20001 55.6 664.20001 ]
/Type /Annot
/Subtype /Link
/A <<
/Type /Action
/S /URI
/URI (http:\057\057www.yahoo.com)
>>
/P 4 0 R
>>
endobj
117 0 obj
<<
/Rect [ 37.6 669.59998 46.6 777.59998 ]
/Type /Annot
/Subtype /Link
/A <<
/Type /Action
/S /URI
/URI (http:\057\057www.yahoo.com)
>>
/P 4 0 R
>>
endobj
118 0 obj
<<
/Rect [ 37.6 556.20001 46.6 664.20001 ]
/Type /Annot
/Subtype /Link
/A <<
/Type /Action
/S /URI
/URI (http:\057\057www.yahoo.com)
>>
/P 4 0 R
>>
endobj
xref
0 119
0000000000 65535 f
0000000015 00000 n
0000000064 00000 n
0000000123 00000 n
0000000205 00000 n
0000001211 00000 n
0000038601 00000 n
0000038622 00000 n
0000038717 00000 n
0000038817 00000 n
0000038920 00000 n
0000039028 00000 n
0000039202 00000 n
0000039376 00000 n
0000039550 00000 n
0000039724 00000 n
0000039898 00000 n
0000040072 00000 n
0000040246 00000 n
0000040420 00000 n
0000040594 00000 n
0000040768 00000 n
0000040942 00000 n
0000041116 00000 n
0000041290 00000 n
0000041464 00000 n
0000041638 00000 n
0000041812 00000 n
0000041986 00000 n
0000042160 00000 n
0000042334 00000 n
0000042508 00000 n
0000042682 00000 n
0000042856 00000 n
0000043030 00000 n
0000043204 00000 n
0000043378 00000 n
0000043552 00000 n
0000043726 00000 n
0000043900 00000 n
0000044074 00000 n
0000044248 00000 n
0000044422 00000 n
0000044596 00000 n
0000044770 00000 n
0000044944 00000 n
0000045118 00000 n
0000045292 00000 n
0000045466 00000 n
0000045640 00000 n
0000045814 00000 n
0000045988 00000 n
0000046162 00000 n
0000046336 00000 n
0000046510 00000 n
0000046684 00000 n
0000046858 00000 n
0000047032 00000 n
0000047206 00000 n
0000047380 00000 n
0000047554 00000 n
0000047728 00000 n
0000047902 00000 n
0000048076 00000 n
0000048250 00000 n
0000048424 00000 n
0000048598 00000 n
0000048772 00000 n
0000048946 00000 n
0000049120 00000 n
0000049294 00000 n
0000049468 00000 n
0000049642 00000 n
0000049816 00000 n
0000049990 00000 n
0000050164 00000 n
0000050338 00000 n
0000050512 00000 n
0000050686 00000 n
0000050860 00000 n
0000051034 00000 n
0000051208 00000 n
0000051382 00000 n
0000051556 00000 n
0000051730 00000 n
0000051904 00000 n
0000052078 00000 n
0000052252 00000 n
0000052426 00000 n
0000052600 00000 n
0000052774 00000 n
0000052948 00000 n
0000053122 00000 n
0000053296 00000 n
0000053470 00000 n
0000053644 00000 n
0000053818 00000 n
0000053992 00000 n
0000054162 00000 n
0000054332 00000 n
0000054498 00000 n
0000054665 00000 n
0000054832 00000 n
0000054999 00000 n
0000055166 00000 n
0000055333 00000 n
0000055499 00000 n
0000055665 00000 n
0000055830 00000 n
0000055995 00000 n
0000056160 00000 n
0000056325 00000 n
0000056490 00000 n
0000056655 00000 n
0000056820 00000 n
0000056985 00000 n
0000057150 00000 n
0000057315 00000 n
0000057480 00000 n
trailer
<<
/Root 1 0 R
/Info 3 0 R
/Size 119
>>
startxref
57645
%%EOF
