%PDF-1.3
%·¾­ª
1 0 obj
<<
/Type /Catalog
/Pages 2 0 R
>>
endobj
2 0 obj
<<
/Type /Pages
/Kids [ 4 0 R ]
/Count 1
>>
endobj
3 0 obj
<<
/Producer (Haru Free PDF Library 2.2.1)
/Title (RLIB Report)
>>
endobj
4 0 obj
<<
/Type /Page
/MediaBox [ 0 0 612 792 ]
/Contents 5 0 R
/Resources <<
/ProcSet [ /PDF /Text /ImageB /ImageC /ImageI ]
/Font <<
/F1 7 0 R
>>
>>
/Parent 2 0 R
/Rotate 270
>>
endobj
5 0 obj
<<
/Length 6 0 R
>>
stream
1 0 0 1 0 792 cm
0 -1 1 0 0 0 cm
/F1 14 Tf
/F1 14 Tf
/F1 14 Tf
/F1 14 Tf
/F1 14 Tf
BT
1 0 0 1 14.4 31.76 Tm
(Page:   1) Tj
ET
BT
1 0 0 1 14.4 17.76 Tm
(Wheeeeeeeeeeeeeeeeeeeeeeeeeeeeeeeee:   1) Tj
ET
/F1 14 Tf
/F1 14 Tf
/F1 14 Tf
/F1 14 Tf
/F1 14 Tf
/F1 14 Tf
/F1 14 Tf
/F1 26 Tf
BT
1 0 0 1 14.4 577.84003 Tm
(Part Page Header) Tj
ET
/F1 14 Tf
BT
1 0 0 1 14.4 560.96002 Tm
(I love bacon) Tj
ET
0 0 0 rg
0 0 0 RG
14.4 553.59998 763.20001 3.856 re
f
/F1 14 Tf
/F1 14 Tf
/F1 14 Tf
/F1 14 Tf
/F1 14 Tf
/F1 14 Tf
/F1 14 Tf
/F1 12 Tf
BT
1 0 0 1 28.8 520.08002 Tm
(NO DATA) Tj
ET
/F1 8 Tf
/F1 8 Tf
/F1 8 Tf
/F1 8 Tf
/F1 12 Tf
BT
1 0 0 1 28.8 484.67999 Tm
(Test Report 2) Tj
ET
/F1 8 Tf
28.8 466.79999 358.70401 1.856 re
f
/F1 8 Tf
/F1 8 Tf
/F1 8 Tf
/F1 12 Tf
BT
1 0 0 1 28.8 453.67999 Tm
(NO DATA) Tj
ET
/F1 8 Tf
/F1 8 Tf
/F1 8 Tf
/F1 8 Tf
/F1 8 Tf
/F1 8 Tf
/F1 8 Tf
/F1 8 Tf
/F1 12 Tf
BT
1 0 0 1 425.664 511.07999 Tm
(Test Report 2) Tj
ET
/F1 8 Tf
425.664 493.20001 358.70401 1.856 re
f
/F1 8 Tf
/F1 8 Tf
/F1 8 Tf
/F1 12 Tf
BT
1 0 0 1 425.664 480.07999 Tm
(NO DATA) Tj
ET
/F1 8 Tf
/F1 8 Tf
/F1 8 Tf
/F1 8 Tf
/F1 8 Tf
/F1 8 Tf

endstream
endobj
6 0 obj
1120
endobj
7 0 obj
<<
/Type /Font
/BaseFont /Courier
/Subtype /Type1
/Encoding /WinAnsiEncoding
>>
endobj
xref
0 8
0000000000 65535 f
0000000015 00000 n
0000000064 00000 n
0000000123 00000 n
0000000205 00000 n
0000000393 00000 n
0000001567 00000 n
0000001587 00000 n
trailer
<<
/Root 1 0 R
/Info 3 0 R
/Size 8
>>
startxref
1682
%%EOF
