<?xml version="1.0" encoding="UTF-8" ?>
<rlib>
<part>
<part_page_footer>
<output>
<line>
<data col="0" width="6" font_point="14" bold="0" italics="0" align="left" >Page: </data>
<data col="0" width="3" font_point="14" bold="0" italics="0" align="right" type="number" >  0</data>
</line>
<line>
<data col="0" width="37" font_point="14" bold="0" italics="0" align="left" >Wheeeeeeeeeeeeeeeeeeeeeeeeeeeeeeeee: </data>
<data col="0" width="3" font_point="14" bold="0" italics="0" align="right" type="number" >  0</data>
</line>
</output>
</part_page_footer>
<part_header>
</part_header>
<part_page_header>
<output>
<line>
<data col="0" width="16" font_point="26" bold="0" italics="0" align="left" >Part Page Header</data>
</line>
<line>
<data col="0" width="12" font_point="14" bold="0" italics="0" align="left" >I love bacon</data>
</line>
</output>
</part_page_header>
<table>
<tr>
<td width="47.000000" ><report_header>
</report_header>
<field_headers>
</field_headers>
<field_details>
<output>
<line>
<data col="1" width="6" font_point="20" bold="0" italics="0" align="right" bgcolor="#ff0000" type="string" >  dude</data>
<data col="2" width="6" font_point="20" bold="0" italics="0" align="right" bgcolor="#0000ff" type="string" > sweet</data>
<data col="3" width="6" font_point="20" bold="0" italics="0" align="right" bgcolor="#ffff00" type="string" >  xxxx</data>
<data col="4" width="6" font_point="20" bold="0" italics="0" align="right" bgcolor="#ffffff" type="string" >zzzzzz</data>
<data col="5" width="6" font_point="20" bold="0" italics="0" align="right" bgcolor="#ffffff" type="number" > 12345</data>
</line>
</output>
</field_details>
<field_details>
<output>
<line>
<data col="1" width="6" font_point="20" bold="0" italics="0" align="right" bgcolor="#ff0000" type="string" >  dude</data>
<data col="2" width="6" font_point="20" bold="0" italics="0" align="right" bgcolor="#0000ff" type="string" > sweet</data>
<data col="3" width="6" font_point="20" bold="0" italics="0" align="right" bgcolor="#ffff00" type="string" >  xxxx</data>
<data col="4" width="6" font_point="20" bold="0" italics="0" align="right" bgcolor="#e5e5e5" type="string" >zzzzzz</data>
<data col="5" width="6" font_point="20" bold="0" italics="0" align="right" bgcolor="#e5e5e5" type="number" > 12345</data>
</line>
</output>
</field_details>
<field_details>
<output>
<line>
<data col="1" width="6" font_point="20" bold="0" italics="0" align="right" bgcolor="#ff0000" type="string" >  dude</data>
<data col="2" width="6" font_point="20" bold="0" italics="0" align="right" bgcolor="#0000ff" type="string" > sweet</data>
<data col="3" width="6" font_point="20" bold="0" italics="0" align="right" bgcolor="#ffff00" type="string" >  xxxx</data>
<data col="4" width="6" font_point="20" bold="0" italics="0" align="right" bgcolor="#ffffff" type="string" >zzzzzz</data>
<data col="5" width="6" font_point="20" bold="0" italics="0" align="right" bgcolor="#ffffff" type="number" > 12345</data>
</line>
</output>
</field_details>
<field_details>
<output>
<line>
<data col="1" width="6" font_point="20" bold="0" italics="0" align="right" bgcolor="#ff0000" type="string" >  dude</data>
<data col="2" width="6" font_point="20" bold="0" italics="0" align="right" bgcolor="#0000ff" type="string" > sweet</data>
<data col="3" width="6" font_point="20" bold="0" italics="0" align="right" bgcolor="#ffff00" type="string" >  xxxx</data>
<data col="4" width="6" font_point="20" bold="0" italics="0" align="right" bgcolor="#e5e5e5" type="string" >zzzzzz</data>
<data col="5" width="6" font_point="20" bold="0" italics="0" align="right" bgcolor="#e5e5e5" type="number" > 12345</data>
</line>
</output>
</field_details>
<field_details>
<output>
<line>
<data col="1" width="6" font_point="20" bold="0" italics="0" align="right" bgcolor="#ff0000" type="string" >  dude</data>
<data col="2" width="6" font_point="20" bold="0" italics="0" align="right" bgcolor="#0000ff" type="string" > sweet</data>
<data col="3" width="6" font_point="20" bold="0" italics="0" align="right" bgcolor="#ffff00" type="string" >  xxxx</data>
<data col="4" width="6" font_point="20" bold="0" italics="0" align="right" bgcolor="#ffffff" type="string" >zzzzzz</data>
<data col="5" width="6" font_point="20" bold="0" italics="0" align="right" bgcolor="#ffffff" type="number" > 12345</data>
</line>
</output>
</field_details>
<report_header>
<output>
<line>
</line>
<line>
<data col="0" width="13" font_point="12" bold="0" italics="0" align="left" >Test Report 2</data>
</line>
<line>
</line>
</output>
</report_header>
<field_headers>
<output>
<line>
<data col="1" width="20" font_point="9" bold="0" italics="0" align="left" bgcolor="#e5e5e5" >Name                </data>
<data col="0" width="1" font_point="9" bold="0" italics="0" align="left" bgcolor="#e5e5e5" > </data>
</line>
</output>
</field_headers>
<field_details>
<output>
<line>
<data col="1" width="20" font_point="9" bold="0" italics="0" align="left" bgcolor="#ffffff" type="string" >1                   </data>
</line>
</output>
</field_details>
<field_details>
<output>
<line>
<data col="1" width="20" font_point="9" bold="0" italics="0" align="left" bgcolor="#e5e5e5" type="string" >2                   </data>
</line>
</output>
</field_details>
<field_details>
<output>
<line>
<data col="1" width="20" font_point="9" bold="0" italics="0" align="left" bgcolor="#ffffff" type="string" >3                   </data>
</line>
</output>
</field_details>
<field_details>
<output>
<line>
<data col="1" width="20" font_point="9" bold="0" italics="0" align="left" bgcolor="#e5e5e5" type="string" >4                   </data>
</line>
</output>
</field_details>
<field_details>
<output>
<line>
<data col="1" width="20" font_point="9" bold="0" italics="0" align="left" bgcolor="#ffffff" type="string" >5                   </data>
</line>
</output>
</field_details>
<field_details>
<output>
<line>
<data col="1" width="20" font_point="9" bold="0" italics="0" align="left" bgcolor="#e5e5e5" type="string" >6                   </data>
</line>
</output>
</field_details>
<field_details>
<output>
<line>
<data col="1" width="20" font_point="9" bold="0" italics="0" align="left" bgcolor="#ffffff" type="string" >7                   </data>
</line>
</output>
</field_details>
<field_details>
<output>
<line>
<data col="1" width="20" font_point="9" bold="0" italics="0" align="left" bgcolor="#e5e5e5" type="string" >8                   </data>
</line>
</output>
</field_details>
<field_details>
<output>
<line>
<data col="1" width="20" font_point="9" bold="0" italics="0" align="left" bgcolor="#ffffff" type="string" >9                   </data>
</line>
</output>
</field_details>
<field_details>
<output>
<line>
<data col="1" width="20" font_point="9" bold="0" italics="0" align="left" bgcolor="#e5e5e5" type="string" >10                  </data>
</line>
</output>
</field_details>
<field_details>
<output>
<line>
<data col="1" width="20" font_point="9" bold="0" italics="0" align="left" bgcolor="#ffffff" type="string" >11                  </data>
</line>
</output>
</field_details>
<field_details>
<output>
<line>
<data col="1" width="20" font_point="9" bold="0" italics="0" align="left" bgcolor="#e5e5e5" type="string" >12                  </data>
</line>
</output>
</field_details>
<field_details>
<output>
<line>
<data col="1" width="20" font_point="9" bold="0" italics="0" align="left" bgcolor="#ffffff" type="string" >13                  </data>
</line>
</output>
</field_details>
<field_details>
<output>
<line>
<data col="1" width="20" font_point="9" bold="0" italics="0" align="left" bgcolor="#e5e5e5" type="string" >14                  </data>
</line>
</output>
</field_details>
<field_details>
<output>
<line>
<data col="1" width="20" font_point="9" bold="0" italics="0" align="left" bgcolor="#ffffff" type="string" >15                  </data>
</line>
</output>
</field_details>
<field_details>
<output>
<line>
<data col="1" width="20" font_point="9" bold="0" italics="0" align="left" bgcolor="#e5e5e5" type="string" >16                  </data>
</line>
</output>
</field_details>
<field_details>
<output>
<line>
<data col="1" width="20" font_point="9" bold="0" italics="0" align="left" bgcolor="#ffffff" type="string" >17                  </data>
</line>
</output>
</field_details>
<field_details>
<output>
<line>
<data col="1" width="20" font_point="9" bold="0" italics="0" align="left" bgcolor="#e5e5e5" type="string" >18                  </data>
</line>
</output>
</field_details>
<field_details>
<output>
<line>
<data col="1" width="20" font_point="9" bold="0" italics="0" align="left" bgcolor="#ffffff" type="string" >19                  </data>
</line>
</output>
</field_details>
<field_details>
<output>
<line>
<data col="1" width="20" font_point="9" bold="0" italics="0" align="left" bgcolor="#e5e5e5" type="string" >20                  </data>
</line>
</output>
</field_details>
<field_details>
<output>
<line>
<data col="1" width="20" font_point="9" bold="0" italics="0" align="left" bgcolor="#ffffff" type="string" >21                  </data>
</line>
</output>
</field_details>
<field_details>
<output>
<line>
<data col="1" width="20" font_point="9" bold="0" italics="0" align="left" bgcolor="#e5e5e5" type="string" >22                  </data>
</line>
</output>
</field_details>
<field_details>
<output>
<line>
<data col="1" width="20" font_point="9" bold="0" italics="0" align="left" bgcolor="#ffffff" type="string" >23                  </data>
</line>
</output>
</field_details>
<field_details>
<output>
<line>
<data col="1" width="20" font_point="9" bold="0" italics="0" align="left" bgcolor="#e5e5e5" type="string" >24                  </data>
</line>
</output>
</field_details>
<field_details>
<output>
<line>
<data col="1" width="20" font_point="9" bold="0" italics="0" align="left" bgcolor="#ffffff" type="string" >25                  </data>
</line>
</output>
</field_details>
<field_details>
<output>
<line>
<data col="1" width="20" font_point="9" bold="0" italics="0" align="left" bgcolor="#e5e5e5" type="string" >26                  </data>
</line>
</output>
</field_details>
<field_details>
<output>
<line>
<data col="1" width="20" font_point="9" bold="0" italics="0" align="left" bgcolor="#ffffff" type="string" >27                  </data>
</line>
</output>
</field_details>
<field_details>
<output>
<line>
<data col="1" width="20" font_point="9" bold="0" italics="0" align="left" bgcolor="#e5e5e5" type="string" >28                  </data>
</line>
</output>
</field_details>
<field_details>
<output>
<line>
<data col="1" width="20" font_point="9" bold="0" italics="0" align="left" bgcolor="#ffffff" type="string" >29                  </data>
</line>
</output>
</field_details>
<field_details>
<output>
<line>
<data col="1" width="20" font_point="9" bold="0" italics="0" align="left" bgcolor="#e5e5e5" type="string" >30                  </data>
</line>
</output>
</field_details>
<field_details>
<output>
<line>
<data col="1" width="20" font_point="9" bold="0" italics="0" align="left" bgcolor="#ffffff" type="string" >31                  </data>
</line>
</output>
</field_details>
<field_details>
<output>
<line>
<data col="1" width="20" font_point="9" bold="0" italics="0" align="left" bgcolor="#e5e5e5" type="string" >32                  </data>
</line>
</output>
</field_details>
<field_details>
<output>
<line>
<data col="1" width="20" font_point="9" bold="0" italics="0" align="left" bgcolor="#ffffff" type="string" >33                  </data>
</line>
</output>
</field_details>
<field_details>
<output>
<line>
<data col="1" width="20" font_point="9" bold="0" italics="0" align="left" bgcolor="#e5e5e5" type="string" >34                  </data>
</line>
</output>
</field_details>
<field_details>
<output>
<line>
<data col="1" width="20" font_point="9" bold="0" italics="0" align="left" bgcolor="#ffffff" type="string" >35                  </data>
</line>
</output>
</field_details>
<field_details>
<output>
<line>
<data col="1" width="20" font_point="9" bold="0" italics="0" align="left" bgcolor="#e5e5e5" type="string" >36                  </data>
</line>
</output>
</field_details>
<field_details>
<output>
<line>
<data col="1" width="20" font_point="9" bold="0" italics="0" align="left" bgcolor="#ffffff" type="string" >37                  </data>
</line>
</output>
</field_details>
<field_details>
<output>
<line>
<data col="1" width="20" font_point="9" bold="0" italics="0" align="left" bgcolor="#e5e5e5" type="string" >38                  </data>
</line>
</output>
</field_details>
<field_details>
<output>
<line>
<data col="1" width="20" font_point="9" bold="0" italics="0" align="left" bgcolor="#ffffff" type="string" >39                  </data>
</line>
</output>
</field_details>
<field_details>
<output>
<line>
<data col="1" width="20" font_point="9" bold="0" italics="0" align="left" bgcolor="#e5e5e5" type="string" >40                  </data>
</line>
</output>
</field_details>
<field_details>
<output>
<line>
<data col="1" width="20" font_point="9" bold="0" italics="0" align="left" bgcolor="#ffffff" type="string" >41                  </data>
</line>
</output>
</field_details>
<field_details>
<output>
<line>
<data col="1" width="20" font_point="9" bold="0" italics="0" align="left" bgcolor="#e5e5e5" type="string" >42                  </data>
</line>
</output>
</field_details>
<field_details>
<output>
<line>
<data col="1" width="20" font_point="9" bold="0" italics="0" align="left" bgcolor="#ffffff" type="string" >43                  </data>
</line>
</output>
</field_details>
<field_details>
<output>
<line>
<data col="1" width="20" font_point="9" bold="0" italics="0" align="left" bgcolor="#e5e5e5" type="string" >44                  </data>
</line>
</output>
</field_details>
<field_details>
<output>
<line>
<data col="1" width="20" font_point="9" bold="0" italics="0" align="left" bgcolor="#ffffff" type="string" >45                  </data>
</line>
</output>
</field_details>
<field_details>
<output>
<line>
<data col="1" width="20" font_point="9" bold="0" italics="0" align="left" bgcolor="#e5e5e5" type="string" >46                  </data>
</line>
</output>
</field_details>
<field_details>
<output>
<line>
<data col="1" width="20" font_point="9" bold="0" italics="0" align="left" bgcolor="#ffffff" type="string" >47                  </data>
</line>
</output>
</field_details>
<field_details>
<output>
<line>
<data col="1" width="20" font_point="9" bold="0" italics="0" align="left" bgcolor="#e5e5e5" type="string" >48                  </data>
</line>
</output>
</field_details>
<field_details>
<output>
<line>
<data col="1" width="20" font_point="9" bold="0" italics="0" align="left" bgcolor="#ffffff" type="string" >49                  </data>
</line>
</output>
</field_details>
<field_details>
<output>
<line>
<data col="1" width="20" font_point="9" bold="0" italics="0" align="left" bgcolor="#e5e5e5" type="string" >50                  </data>
</line>
</output>
</field_details>
<field_details>
<output>
<line>
<data col="1" width="20" font_point="9" bold="0" italics="0" align="left" bgcolor="#ffffff" type="string" >51                  </data>
</line>
</output>
</field_details>
<field_details>
<output>
<line>
<data col="1" width="20" font_point="9" bold="0" italics="0" align="left" bgcolor="#e5e5e5" type="string" >52                  </data>
</line>
</output>
</field_details>
<field_details>
<output>
<line>
<data col="1" width="20" font_point="9" bold="0" italics="0" align="left" bgcolor="#ffffff" type="string" >53                  </data>
</line>
</output>
</field_details>
<field_details>
<output>
<line>
<data col="1" width="20" font_point="9" bold="0" italics="0" align="left" bgcolor="#e5e5e5" type="string" >54                  </data>
</line>
</output>
</field_details>
<field_details>
<output>
<line>
<data col="1" width="20" font_point="9" bold="0" italics="0" align="left" bgcolor="#ffffff" type="string" >55                  </data>
</line>
</output>
</field_details>
<field_details>
<output>
<line>
<data col="1" width="20" font_point="9" bold="0" italics="0" align="left" bgcolor="#e5e5e5" type="string" >56                  </data>
</line>
</output>
</field_details>
<field_details>
<output>
<line>
<data col="1" width="20" font_point="9" bold="0" italics="0" align="left" bgcolor="#ffffff" type="string" >57                  </data>
</line>
</output>
</field_details>
<field_details>
<output>
<line>
<data col="1" width="20" font_point="9" bold="0" italics="0" align="left" bgcolor="#e5e5e5" type="string" >58                  </data>
</line>
</output>
</field_details>
<field_details>
<output>
<line>
<data col="1" width="20" font_point="9" bold="0" italics="0" align="left" bgcolor="#ffffff" type="string" >59                  </data>
</line>
</output>
</field_details>
</td>
<td width="5.000000" ></td>
<td width="47.000000" ><report_header>
<output>
<line>
</line>
<line>
<data col="0" width="13" font_point="12" bold="0" italics="0" align="left" >Test Report 2</data>
</line>
<line>
</line>
</output>
</report_header>
<field_headers>
<output>
<line>
<data col="1" width="20" font_point="9" bold="0" italics="0" align="left" bgcolor="#e5e5e5" >Name                </data>
<data col="0" width="1" font_point="9" bold="0" italics="0" align="left" bgcolor="#e5e5e5" > </data>
</line>
</output>
</field_headers>
<field_details>
<output>
<line>
<data col="1" width="20" font_point="9" bold="0" italics="0" align="left" bgcolor="#ffffff" type="string" >1                   </data>
</line>
</output>
</field_details>
<field_details>
<output>
<line>
<data col="1" width="20" font_point="9" bold="0" italics="0" align="left" bgcolor="#e5e5e5" type="string" >2                   </data>
</line>
</output>
</field_details>
<field_details>
<output>
<line>
<data col="1" width="20" font_point="9" bold="0" italics="0" align="left" bgcolor="#ffffff" type="string" >3                   </data>
</line>
</output>
</field_details>
<field_details>
<output>
<line>
<data col="1" width="20" font_point="9" bold="0" italics="0" align="left" bgcolor="#e5e5e5" type="string" >4                   </data>
</line>
</output>
</field_details>
<field_details>
<output>
<line>
<data col="1" width="20" font_point="9" bold="0" italics="0" align="left" bgcolor="#ffffff" type="string" >5                   </data>
</line>
</output>
</field_details>
<field_details>
<output>
<line>
<data col="1" width="20" font_point="9" bold="0" italics="0" align="left" bgcolor="#e5e5e5" type="string" >6                   </data>
</line>
</output>
</field_details>
<field_details>
<output>
<line>
<data col="1" width="20" font_point="9" bold="0" italics="0" align="left" bgcolor="#ffffff" type="string" >7                   </data>
</line>
</output>
</field_details>
<field_details>
<output>
<line>
<data col="1" width="20" font_point="9" bold="0" italics="0" align="left" bgcolor="#e5e5e5" type="string" >8                   </data>
</line>
</output>
</field_details>
<field_details>
<output>
<line>
<data col="1" width="20" font_point="9" bold="0" italics="0" align="left" bgcolor="#ffffff" type="string" >9                   </data>
</line>
</output>
</field_details>
<field_details>
<output>
<line>
<data col="1" width="20" font_point="9" bold="0" italics="0" align="left" bgcolor="#e5e5e5" type="string" >10                  </data>
</line>
</output>
</field_details>
<field_details>
<output>
<line>
<data col="1" width="20" font_point="9" bold="0" italics="0" align="left" bgcolor="#ffffff" type="string" >11                  </data>
</line>
</output>
</field_details>
<field_details>
<output>
<line>
<data col="1" width="20" font_point="9" bold="0" italics="0" align="left" bgcolor="#e5e5e5" type="string" >12                  </data>
</line>
</output>
</field_details>
<field_details>
<output>
<line>
<data col="1" width="20" font_point="9" bold="0" italics="0" align="left" bgcolor="#ffffff" type="string" >13                  </data>
</line>
</output>
</field_details>
<field_details>
<output>
<line>
<data col="1" width="20" font_point="9" bold="0" italics="0" align="left" bgcolor="#e5e5e5" type="string" >14                  </data>
</line>
</output>
</field_details>
<field_details>
<output>
<line>
<data col="1" width="20" font_point="9" bold="0" italics="0" align="left" bgcolor="#ffffff" type="string" >15                  </data>
</line>
</output>
</field_details>
<field_details>
<output>
<line>
<data col="1" width="20" font_point="9" bold="0" italics="0" align="left" bgcolor="#e5e5e5" type="string" >16                  </data>
</line>
</output>
</field_details>
<field_details>
<output>
<line>
<data col="1" width="20" font_point="9" bold="0" italics="0" align="left" bgcolor="#ffffff" type="string" >17                  </data>
</line>
</output>
</field_details>
<field_details>
<output>
<line>
<data col="1" width="20" font_point="9" bold="0" italics="0" align="left" bgcolor="#e5e5e5" type="string" >18                  </data>
</line>
</output>
</field_details>
<field_details>
<output>
<line>
<data col="1" width="20" font_point="9" bold="0" italics="0" align="left" bgcolor="#ffffff" type="string" >19                  </data>
</line>
</output>
</field_details>
<field_details>
<output>
<line>
<data col="1" width="20" font_point="9" bold="0" italics="0" align="left" bgcolor="#e5e5e5" type="string" >20                  </data>
</line>
</output>
</field_details>
<field_details>
<output>
<line>
<data col="1" width="20" font_point="9" bold="0" italics="0" align="left" bgcolor="#ffffff" type="string" >21                  </data>
</line>
</output>
</field_details>
<field_details>
<output>
<line>
<data col="1" width="20" font_point="9" bold="0" italics="0" align="left" bgcolor="#e5e5e5" type="string" >22                  </data>
</line>
</output>
</field_details>
<field_details>
<output>
<line>
<data col="1" width="20" font_point="9" bold="0" italics="0" align="left" bgcolor="#ffffff" type="string" >23                  </data>
</line>
</output>
</field_details>
<field_details>
<output>
<line>
<data col="1" width="20" font_point="9" bold="0" italics="0" align="left" bgcolor="#e5e5e5" type="string" >24                  </data>
</line>
</output>
</field_details>
<field_details>
<output>
<line>
<data col="1" width="20" font_point="9" bold="0" italics="0" align="left" bgcolor="#ffffff" type="string" >25                  </data>
</line>
</output>
</field_details>
<field_details>
<output>
<line>
<data col="1" width="20" font_point="9" bold="0" italics="0" align="left" bgcolor="#e5e5e5" type="string" >26                  </data>
</line>
</output>
</field_details>
<field_details>
<output>
<line>
<data col="1" width="20" font_point="9" bold="0" italics="0" align="left" bgcolor="#ffffff" type="string" >27                  </data>
</line>
</output>
</field_details>
<field_details>
<output>
<line>
<data col="1" width="20" font_point="9" bold="0" italics="0" align="left" bgcolor="#e5e5e5" type="string" >28                  </data>
</line>
</output>
</field_details>
<field_details>
<output>
<line>
<data col="1" width="20" font_point="9" bold="0" italics="0" align="left" bgcolor="#ffffff" type="string" >29                  </data>
</line>
</output>
</field_details>
<field_details>
<output>
<line>
<data col="1" width="20" font_point="9" bold="0" italics="0" align="left" bgcolor="#e5e5e5" type="string" >30                  </data>
</line>
</output>
</field_details>
<field_details>
<output>
<line>
<data col="1" width="20" font_point="9" bold="0" italics="0" align="left" bgcolor="#ffffff" type="string" >31                  </data>
</line>
</output>
</field_details>
<field_details>
<output>
<line>
<data col="1" width="20" font_point="9" bold="0" italics="0" align="left" bgcolor="#e5e5e5" type="string" >32                  </data>
</line>
</output>
</field_details>
<field_details>
<output>
<line>
<data col="1" width="20" font_point="9" bold="0" italics="0" align="left" bgcolor="#ffffff" type="string" >33                  </data>
</line>
</output>
</field_details>
<field_details>
<output>
<line>
<data col="1" width="20" font_point="9" bold="0" italics="0" align="left" bgcolor="#e5e5e5" type="string" >34                  </data>
</line>
</output>
</field_details>
<field_details>
<output>
<line>
<data col="1" width="20" font_point="9" bold="0" italics="0" align="left" bgcolor="#ffffff" type="string" >35                  </data>
</line>
</output>
</field_details>
<field_details>
<output>
<line>
<data col="1" width="20" font_point="9" bold="0" italics="0" align="left" bgcolor="#e5e5e5" type="string" >36                  </data>
</line>
</output>
</field_details>
<field_details>
<output>
<line>
<data col="1" width="20" font_point="9" bold="0" italics="0" align="left" bgcolor="#ffffff" type="string" >37                  </data>
</line>
</output>
</field_details>
<field_details>
<output>
<line>
<data col="1" width="20" font_point="9" bold="0" italics="0" align="left" bgcolor="#e5e5e5" type="string" >38                  </data>
</line>
</output>
</field_details>
<field_details>
<output>
<line>
<data col="1" width="20" font_point="9" bold="0" italics="0" align="left" bgcolor="#ffffff" type="string" >39                  </data>
</line>
</output>
</field_details>
<field_details>
<output>
<line>
<data col="1" width="20" font_point="9" bold="0" italics="0" align="left" bgcolor="#e5e5e5" type="string" >40                  </data>
</line>
</output>
</field_details>
<field_details>
<output>
<line>
<data col="1" width="20" font_point="9" bold="0" italics="0" align="left" bgcolor="#ffffff" type="string" >41                  </data>
</line>
</output>
</field_details>
<field_details>
<output>
<line>
<data col="1" width="20" font_point="9" bold="0" italics="0" align="left" bgcolor="#e5e5e5" type="string" >42                  </data>
</line>
</output>
</field_details>
<field_details>
<output>
<line>
<data col="1" width="20" font_point="9" bold="0" italics="0" align="left" bgcolor="#ffffff" type="string" >43                  </data>
</line>
</output>
</field_details>
<field_details>
<output>
<line>
<data col="1" width="20" font_point="9" bold="0" italics="0" align="left" bgcolor="#e5e5e5" type="string" >44                  </data>
</line>
</output>
</field_details>
<field_details>
<output>
<line>
<data col="1" width="20" font_point="9" bold="0" italics="0" align="left" bgcolor="#ffffff" type="string" >45                  </data>
</line>
</output>
</field_details>
<field_details>
<output>
<line>
<data col="1" width="20" font_point="9" bold="0" italics="0" align="left" bgcolor="#e5e5e5" type="string" >46                  </data>
</line>
</output>
</field_details>
<field_details>
<output>
<line>
<data col="1" width="20" font_point="9" bold="0" italics="0" align="left" bgcolor="#ffffff" type="string" >47                  </data>
</line>
</output>
</field_details>
<field_details>
<output>
<line>
<data col="1" width="20" font_point="9" bold="0" italics="0" align="left" bgcolor="#e5e5e5" type="string" >48                  </data>
</line>
</output>
</field_details>
<field_details>
<output>
<line>
<data col="1" width="20" font_point="9" bold="0" italics="0" align="left" bgcolor="#ffffff" type="string" >49                  </data>
</line>
</output>
</field_details>
<field_details>
<output>
<line>
<data col="1" width="20" font_point="9" bold="0" italics="0" align="left" bgcolor="#e5e5e5" type="string" >50                  </data>
</line>
</output>
</field_details>
<field_details>
<output>
<line>
<data col="1" width="20" font_point="9" bold="0" italics="0" align="left" bgcolor="#ffffff" type="string" >51                  </data>
</line>
</output>
</field_details>
<field_details>
<output>
<line>
<data col="1" width="20" font_point="9" bold="0" italics="0" align="left" bgcolor="#e5e5e5" type="string" >52                  </data>
</line>
</output>
</field_details>
<field_details>
<output>
<line>
<data col="1" width="20" font_point="9" bold="0" italics="0" align="left" bgcolor="#ffffff" type="string" >53                  </data>
</line>
</output>
</field_details>
<field_details>
<output>
<line>
<data col="1" width="20" font_point="9" bold="0" italics="0" align="left" bgcolor="#e5e5e5" type="string" >54                  </data>
</line>
</output>
</field_details>
<field_details>
<output>
<line>
<data col="1" width="20" font_point="9" bold="0" italics="0" align="left" bgcolor="#ffffff" type="string" >55                  </data>
</line>
</output>
</field_details>
<field_details>
<output>
<line>
<data col="1" width="20" font_point="9" bold="0" italics="0" align="left" bgcolor="#e5e5e5" type="string" >56                  </data>
</line>
</output>
</field_details>
<field_details>
<output>
<line>
<data col="1" width="20" font_point="9" bold="0" italics="0" align="left" bgcolor="#ffffff" type="string" >57                  </data>
</line>
</output>
</field_details>
<field_details>
<output>
<line>
<data col="1" width="20" font_point="9" bold="0" italics="0" align="left" bgcolor="#e5e5e5" type="string" >58                  </data>
</line>
</output>
</field_details>
<field_details>
<output>
<line>
<data col="1" width="20" font_point="9" bold="0" italics="0" align="left" bgcolor="#ffffff" type="string" >59                  </data>
</line>
</output>
</field_details>
</td>
</tr>
</table>
</part>
</rlib>
