<?xml version="1.0" encoding="UTF-8" ?>
<rlib>
<part>
<part_page_footer>
<output>
<line>
<data col="0" width="6" font_point="14" bold="0" italics="0" align="left" >Page: </data>
<data col="0" width="3" font_point="14" bold="0" italics="0" align="right" type="number" >  0</data>
</line>
<line>
<data col="0" width="37" font_point="14" bold="0" italics="0" align="left" >Wheeeeeeeeeeeeeeeeeeeeeeeeeeeeeeeee: </data>
<data col="0" width="3" font_point="14" bold="0" italics="0" align="right" type="number" >  0</data>
</line>
</output>
</part_page_footer>
<part_header>
</part_header>
<part_page_header>
<output>
<line>
<data col="0" width="16" font_point="26" bold="0" italics="0" align="left" >Part Page Header</data>
</line>
<line>
<data col="0" width="12" font_point="14" bold="0" italics="0" align="left" >I love bacon</data>
</line>
</output>
</part_page_header>
<table>
<tr>
<td width="47.000000" ><report_header>
</report_header>
<no_data>
<output>
<line>
<data col="0" width="7" font_point="12" bold="0" italics="0" align="left" >NO DATA</data>
</line>
</output>
</no_data>
<report_header>
<output>
<line>
</line>
<line>
<data col="0" width="13" font_point="12" bold="0" italics="0" align="left" >Test Report 2</data>
</line>
<line>
</line>
</output>
</report_header>
<no_data>
<output>
<line>
<data col="0" width="7" font_point="12" bold="0" italics="0" align="left" >NO DATA</data>
</line>
</output>
</no_data>
</td>
<td width="5.000000" ></td>
<td width="47.000000" ><report_header>
<output>
<line>
</line>
<line>
<data col="0" width="13" font_point="12" bold="0" italics="0" align="left" >Test Report 2</data>
</line>
<line>
</line>
</output>
</report_header>
<no_data>
<output>
<line>
<data col="0" width="7" font_point="12" bold="0" italics="0" align="left" >NO DATA</data>
</line>
</output>
</no_data>
</td>
</tr>
</table>
</part>
</rlib>
